<?xml version="1.0" encoding="utf-8"?>
<CoverageSession xmlns:xsd="http://www.w3.org/2001/XMLSchema" xmlns:xsi="http://www.w3.org/2001/XMLSchema-instance" Version="0.0.0.0">
  <Summary numSequencePoints="2210" visitedSequencePoints="1196" numBranchPoints="0" visitedBranchPoints="0" sequenceCoverage="54.12" branchCoverage="0.0" maxCyclomaticComplexity="0" minCyclomaticComplexity="0" maxCrapScore="0" minCrapScore="0" visitedClasses="33" numClasses="47" visitedMethods="172" numMethods="258" />
  <Modules>
    <Module>
      <Summary numSequencePoints="2210" visitedSequencePoints="1196" numBranchPoints="0" visitedBranchPoints="0" sequenceCoverage="54.12" branchCoverage="0.0" maxCyclomaticComplexity="0" minCyclomaticComplexity="0" maxCrapScore="0" minCrapScore="0" visitedClasses="33" numClasses="47" visitedMethods="172" numMethods="258" />
      <ModuleTime>0001-01-01T00:00:00</ModuleTime>
      <ModuleName>EVAAssembly</ModuleName>
      <Files>
        <File uid="1" fullPath="D:/Documents_HDD/M1/EVA_VR/eva_vr/EVA_VR/Assets/Scripts/Core/Artwork.cs" />
        <File uid="2" fullPath="D:/Documents_HDD/M1/EVA_VR/eva_vr/EVA_VR/Assets/Scripts/Core/Control.cs" />
        <File uid="3" fullPath="D:/Documents_HDD/M1/EVA_VR/eva_vr/EVA_VR/Assets/Scripts/Core/Creator.cs" />
        <File uid="4" fullPath="D:/Documents_HDD/M1/EVA_VR/eva_vr/EVA_VR/Assets/Scripts/Core/FileChooser.cs" />
        <File uid="5" fullPath="D:/Documents_HDD/M1/EVA_VR/eva_vr/EVA_VR/Assets/Scripts/Core/Image.cs" />
        <File uid="6" fullPath="D:/Documents_HDD/M1/EVA_VR/eva_vr/EVA_VR/Assets/Scripts/Core/Light.cs" />
        <File uid="7" fullPath="D:/Documents_HDD/M1/EVA_VR/eva_vr/EVA_VR/Assets/Scripts/Core/Model3D.cs" />
        <File uid="8" fullPath="D:/Documents_HDD/M1/EVA_VR/eva_vr/EVA_VR/Assets/Scripts/Core/Object.cs" />
        <File uid="9" fullPath="D:/Documents_HDD/M1/EVA_VR/eva_vr/EVA_VR/Assets/Scripts/Core/Outline.cs" />
        <File uid="10" fullPath="D:/Documents_HDD/M1/EVA_VR/eva_vr/EVA_VR/Assets/Scripts/Core/SaveManager.cs" />
        <File uid="11" fullPath="D:/Documents_HDD/M1/EVA_VR/eva_vr/EVA_VR/Assets/Scripts/Core/Sound.cs" />
        <File uid="12" fullPath="D:/Documents_HDD/M1/EVA_VR/eva_vr/EVA_VR/Assets/Scripts/Core/Video.cs" />
        <File uid="13" fullPath="D:/Documents_HDD/M1/EVA_VR/eva_vr/EVA_VR/Assets/Scripts/Core/Video360.cs" />
        <File uid="14" fullPath="D:/Documents_HDD/M1/EVA_VR/eva_vr/EVA_VR/Assets/Scripts/Core/VisibilityMode.cs" />
        <File uid="15" fullPath="D:/Documents_HDD/M1/EVA_VR/eva_vr/EVA_VR/Assets/Scripts/Core/Wall.cs" />
        <File uid="16" fullPath="D:/Documents_HDD/M1/EVA_VR/eva_vr/EVA_VR/Assets/Scripts/UI/AutoSelect.cs" />
        <File uid="17" fullPath="D:/Documents_HDD/M1/EVA_VR/eva_vr/EVA_VR/Assets/Scripts/UI/ComplexSlider.cs" />
        <File uid="18" fullPath="D:/Documents_HDD/M1/EVA_VR/eva_vr/EVA_VR/Assets/Scripts/UI/LightHandler.cs" />
        <File uid="19" fullPath="D:/Documents_HDD/M1/EVA_VR/eva_vr/EVA_VR/Assets/Scripts/UI/ListFiles.cs" />
        <File uid="20" fullPath="D:/Documents_HDD/M1/EVA_VR/eva_vr/EVA_VR/Assets/Scripts/UI/ListItem.cs" />
        <File uid="21" fullPath="D:/Documents_HDD/M1/EVA_VR/eva_vr/EVA_VR/Assets/Scripts/UI/ModularHandler.cs" />
        <File uid="22" fullPath="D:/Documents_HDD/M1/EVA_VR/eva_vr/EVA_VR/Assets/Scripts/UI/ModularMenu.cs" />
        <File uid="23" fullPath="D:/Documents_HDD/M1/EVA_VR/eva_vr/EVA_VR/Assets/Scripts/UI/ModularSound.cs" />
        <File uid="24" fullPath="D:/Documents_HDD/M1/EVA_VR/eva_vr/EVA_VR/Assets/Scripts/UI/ModularTransform.cs" />
        <File uid="25" fullPath="D:/Documents_HDD/M1/EVA_VR/eva_vr/EVA_VR/Assets/Scripts/UI/SaveUI.cs" />
        <File uid="26" fullPath="D:/Documents_HDD/M1/EVA_VR/eva_vr/EVA_VR/Assets/Scripts/UI/SceneCommunication.cs" />
        <File uid="27" fullPath="D:/Documents_HDD/M1/EVA_VR/eva_vr/EVA_VR/Assets/Scripts/UI/UIManager.cs" />
        <File uid="28" fullPath="D:/Documents_HDD/M1/EVA_VR/eva_vr/EVA_VR/Assets/Scripts/UI/UISettings.cs" />
        <File uid="29" fullPath="D:/Documents_HDD/M1/EVA_VR/eva_vr/EVA_VR/Assets/Scripts/UI/VRInputField.cs" />
        <File uid="30" fullPath="D:/Documents_HDD/M1/EVA_VR/eva_vr/EVA_VR/Assets/Scripts/UI/VisitorOnlyMenu.cs" />
      </Files>
      <Classes>
        <Class>
          <Summary numSequencePoints="25" visitedSequencePoints="25" numBranchPoints="0" visitedBranchPoints="0" sequenceCoverage="100.0" branchCoverage="0.0" maxCyclomaticComplexity="0" minCyclomaticComplexity="0" maxCrapScore="0" minCrapScore="0" visitedClasses="1" numClasses="1" visitedMethods="5" numMethods="5" />
          <FullName>EVA.Artwork</FullName>
          <Methods>
            <Method visited="true" cyclomaticComplexity="0" nPathComplexity="0" sequenceCoverage="100.0" branchCoverage="0" crapScore="0" isConstructor="false" isStatic="false" isGetter="false" isSetter="false">
              <Summary numSequencePoints="3" visitedSequencePoints="3" numBranchPoints="0" visitedBranchPoints="0" sequenceCoverage="100.0" branchCoverage="0" maxCyclomaticComplexity="0" minCyclomaticComplexity="0" maxCrapScore="0" minCrapScore="0" visitedClasses="0" numClasses="0" visitedMethods="1" numMethods="1" />
              <MetadataToken>100663297</MetadataToken>
              <Name>System.Void EVA.Artwork::SetDuplicateString(System.String)</Name>
              <FileRef uid="1" />
              <SequencePoints>
                <SequencePoint vc="7" uspid="1" ordinal="0" offset="0" sl="24" sc="9" el="24" ec="9" bec="0" bev="0" fileid="1" />
                <SequencePoint vc="7" uspid="2" ordinal="0" offset="1" sl="25" sc="4" el="25" ec="4" bec="0" bev="0" fileid="1" />
                <SequencePoint vc="7" uspid="3" ordinal="0" offset="8" sl="26" sc="9" el="26" ec="9" bec="0" bev="0" fileid="1" />
              </SequencePoints>
              <BranchPoints />
            </Method>
            <Method visited="true" cyclomaticComplexity="0" nPathComplexity="0" sequenceCoverage="100.0" branchCoverage="0" crapScore="0" isConstructor="false" isStatic="false" isGetter="true" isSetter="false">
              <Summary numSequencePoints="1" visitedSequencePoints="1" numBranchPoints="0" visitedBranchPoints="0" sequenceCoverage="100.0" branchCoverage="0" maxCyclomaticComplexity="0" minCyclomaticComplexity="0" maxCrapScore="0" minCrapScore="0" visitedClasses="0" numClasses="0" visitedMethods="1" numMethods="1" />
              <MetadataToken>100663298</MetadataToken>
              <Name>System.String EVA.Artwork::get_Path()</Name>
              <FileRef uid="1" />
              <SequencePoints>
                <SequencePoint vc="96" uspid="4" ordinal="0" offset="0" sl="35" sc="11" el="35" ec="11" bec="0" bev="0" fileid="1" />
              </SequencePoints>
              <BranchPoints />
            </Method>
            <Method visited="true" cyclomaticComplexity="0" nPathComplexity="0" sequenceCoverage="100.0" branchCoverage="0" crapScore="0" isConstructor="false" isStatic="false" isGetter="false" isSetter="true">
              <Summary numSequencePoints="11" visitedSequencePoints="11" numBranchPoints="0" visitedBranchPoints="0" sequenceCoverage="100.0" branchCoverage="0" maxCyclomaticComplexity="0" minCyclomaticComplexity="0" maxCrapScore="0" minCrapScore="0" visitedClasses="0" numClasses="0" visitedMethods="1" numMethods="1" />
              <MetadataToken>100663299</MetadataToken>
              <Name>System.Void EVA.Artwork::set_Path(System.String)</Name>
              <FileRef uid="1" />
              <SequencePoints>
                <SequencePoint vc="49" uspid="5" ordinal="0" offset="0" sl="37" sc="4" el="37" ec="4" bec="0" bev="0" fileid="1" />
                <SequencePoint vc="49" uspid="6" ordinal="0" offset="1" sl="38" sc="5" el="38" ec="5" bec="0" bev="0" fileid="1" />
                <SequencePoint vc="2" uspid="7" ordinal="0" offset="11" sl="39" sc="6" el="39" ec="6" bec="0" bev="0" fileid="1" />
                <SequencePoint vc="47" uspid="8" ordinal="0" offset="17" sl="40" sc="5" el="40" ec="5" bec="0" bev="0" fileid="1" />
                <SequencePoint vc="45" uspid="9" ordinal="0" offset="27" sl="41" sc="5" el="41" ec="5" bec="0" bev="0" fileid="1" />
                <SequencePoint vc="45" uspid="10" ordinal="0" offset="28" sl="42" sc="6" el="42" ec="6" bec="0" bev="0" fileid="1" />
                <SequencePoint vc="45" uspid="11" ordinal="0" offset="35" sl="43" sc="6" el="43" ec="6" bec="0" bev="0" fileid="1" />
                <SequencePoint vc="44" uspid="12" ordinal="0" offset="42" sl="44" sc="5" el="44" ec="5" bec="0" bev="0" fileid="1" />
                <SequencePoint vc="2" uspid="13" ordinal="0" offset="45" sl="46" sc="5" el="46" ec="5" bec="0" bev="0" fileid="1" />
                <SequencePoint vc="2" uspid="14" ordinal="0" offset="46" sl="47" sc="6" el="47" ec="6" bec="0" bev="0" fileid="1" />
                <SequencePoint vc="44" uspid="15" ordinal="0" offset="57" sl="49" sc="4" el="49" ec="4" bec="0" bev="0" fileid="1" />
              </SequencePoints>
              <BranchPoints />
            </Method>
            <Method visited="true" cyclomaticComplexity="0" nPathComplexity="0" sequenceCoverage="100.0" branchCoverage="0" crapScore="0" isConstructor="false" isStatic="false" isGetter="true" isSetter="false">
              <Summary numSequencePoints="3" visitedSequencePoints="3" numBranchPoints="0" visitedBranchPoints="0" sequenceCoverage="100.0" branchCoverage="0" maxCyclomaticComplexity="0" minCyclomaticComplexity="0" maxCrapScore="0" minCrapScore="0" visitedClasses="0" numClasses="0" visitedMethods="1" numMethods="1" />
              <MetadataToken>100663300</MetadataToken>
              <Name>System.Boolean EVA.Artwork::get_Collision()</Name>
              <FileRef uid="1" />
              <SequencePoints>
                <SequencePoint vc="7" uspid="16" ordinal="0" offset="0" sl="60" sc="4" el="60" ec="4" bec="0" bev="0" fileid="1" />
                <SequencePoint vc="7" uspid="17" ordinal="0" offset="1" sl="61" sc="5" el="61" ec="5" bec="0" bev="0" fileid="1" />
                <SequencePoint vc="7" uspid="18" ordinal="0" offset="15" sl="62" sc="4" el="62" ec="4" bec="0" bev="0" fileid="1" />
              </SequencePoints>
              <BranchPoints />
            </Method>
            <Method visited="true" cyclomaticComplexity="0" nPathComplexity="0" sequenceCoverage="100.0" branchCoverage="0" crapScore="0" isConstructor="false" isStatic="false" isGetter="false" isSetter="true">
              <Summary numSequencePoints="7" visitedSequencePoints="7" numBranchPoints="0" visitedBranchPoints="0" sequenceCoverage="100.0" branchCoverage="0" maxCyclomaticComplexity="0" minCyclomaticComplexity="0" maxCrapScore="0" minCrapScore="0" visitedClasses="0" numClasses="0" visitedMethods="1" numMethods="1" />
              <MetadataToken>100663301</MetadataToken>
              <Name>System.Void EVA.Artwork::set_Collision(System.Boolean)</Name>
              <FileRef uid="1" />
              <SequencePoints>
                <SequencePoint vc="7" uspid="19" ordinal="0" offset="0" sl="64" sc="4" el="64" ec="4" bec="0" bev="0" fileid="1" />
                <SequencePoint vc="7" uspid="20" ordinal="0" offset="1" sl="65" sc="5" el="65" ec="5" bec="0" bev="0" fileid="1" />
                <SequencePoint vc="7" uspid="21" ordinal="0" offset="2" sl="65" sc="34" el="65" ec="34" bec="0" bev="0" fileid="1" />
                <SequencePoint vc="7" uspid="22" ordinal="0" offset="13" sl="65" sc="13" el="65" ec="13" bec="0" bev="0" fileid="1" />
                <SequencePoint vc="7" uspid="23" ordinal="0" offset="17" sl="66" sc="6" el="66" ec="6" bec="0" bev="0" fileid="1" />
                <SequencePoint vc="14" uspid="24" ordinal="0" offset="29" sl="65" sc="31" el="65" ec="31" bec="0" bev="0" fileid="1" />
                <SequencePoint vc="7" uspid="25" ordinal="0" offset="35" sl="67" sc="4" el="67" ec="4" bec="0" bev="0" fileid="1" />
              </SequencePoints>
              <BranchPoints />
            </Method>
          </Methods>
        </Class>
        <Class>
          <Summary numSequencePoints="495" visitedSequencePoints="0" numBranchPoints="0" visitedBranchPoints="0" sequenceCoverage="0.0" branchCoverage="0.0" maxCyclomaticComplexity="0" minCyclomaticComplexity="0" maxCrapScore="0" minCrapScore="0" visitedClasses="0" numClasses="1" visitedMethods="0" numMethods="18" />
          <FullName>EVA.Control</FullName>
          <Methods>
            <Method visited="false" cyclomaticComplexity="0" nPathComplexity="0" sequenceCoverage="0.0" branchCoverage="0" crapScore="0" isConstructor="false" isStatic="false" isGetter="true" isSetter="false">
              <Summary numSequencePoints="3" visitedSequencePoints="0" numBranchPoints="0" visitedBranchPoints="0" sequenceCoverage="0.0" branchCoverage="0" maxCyclomaticComplexity="0" minCyclomaticComplexity="0" maxCrapScore="0" minCrapScore="0" visitedClasses="0" numClasses="0" visitedMethods="0" numMethods="1" />
              <MetadataToken>100663304</MetadataToken>
              <Name>EVA.InteractionMode EVA.Control::get_GalleryMode()</Name>
              <FileRef uid="2" />
              <SequencePoints>
                <SequencePoint vc="0" uspid="26" ordinal="0" offset="0" sl="133" sc="0" el="133" ec="0" bec="0" bev="0" fileid="2" />
                <SequencePoint vc="0" uspid="27" ordinal="0" offset="1" sl="134" sc="0" el="134" ec="0" bec="0" bev="0" fileid="2" />
                <SequencePoint vc="0" uspid="28" ordinal="0" offset="10" sl="135" sc="0" el="135" ec="0" bec="0" bev="0" fileid="2" />
              </SequencePoints>
              <BranchPoints />
            </Method>
            <Method visited="false" cyclomaticComplexity="0" nPathComplexity="0" sequenceCoverage="0.0" branchCoverage="0" crapScore="0" isConstructor="false" isStatic="false" isGetter="false" isSetter="true">
              <Summary numSequencePoints="47" visitedSequencePoints="0" numBranchPoints="0" visitedBranchPoints="0" sequenceCoverage="0.0" branchCoverage="0" maxCyclomaticComplexity="0" minCyclomaticComplexity="0" maxCrapScore="0" minCrapScore="0" visitedClasses="0" numClasses="0" visitedMethods="0" numMethods="1" />
              <MetadataToken>100663305</MetadataToken>
              <Name>System.Void EVA.Control::set_GalleryMode(EVA.InteractionMode)</Name>
              <FileRef uid="2" />
              <SequencePoints>
                <SequencePoint vc="0" uspid="29" ordinal="0" offset="0" sl="137" sc="0" el="137" ec="0" bec="0" bev="0" fileid="2" />
                <SequencePoint vc="0" uspid="30" ordinal="0" offset="1" sl="138" sc="0" el="138" ec="0" bec="0" bev="0" fileid="2" />
                <SequencePoint vc="0" uspid="31" ordinal="0" offset="23" sl="139" sc="0" el="139" ec="0" bec="0" bev="0" fileid="2" />
                <SequencePoint vc="0" uspid="32" ordinal="0" offset="24" sl="140" sc="0" el="140" ec="0" bec="0" bev="0" fileid="2" />
                <SequencePoint vc="0" uspid="33" ordinal="0" offset="26" sl="141" sc="0" el="141" ec="0" bec="0" bev="0" fileid="2" />
                <SequencePoint vc="0" uspid="34" ordinal="0" offset="34" sl="142" sc="0" el="142" ec="0" bec="0" bev="0" fileid="2" />
                <SequencePoint vc="0" uspid="35" ordinal="0" offset="41" sl="143" sc="0" el="143" ec="0" bec="0" bev="0" fileid="2" />
                <SequencePoint vc="0" uspid="36" ordinal="0" offset="42" sl="143" sc="0" el="143" ec="0" bec="0" bev="0" fileid="2" />
                <SequencePoint vc="0" uspid="37" ordinal="0" offset="65" sl="143" sc="0" el="143" ec="0" bec="0" bev="0" fileid="2" />
                <SequencePoint vc="0" uspid="38" ordinal="0" offset="72" sl="144" sc="0" el="144" ec="0" bec="0" bev="0" fileid="2" />
                <SequencePoint vc="0" uspid="39" ordinal="0" offset="73" sl="145" sc="0" el="145" ec="0" bec="0" bev="0" fileid="2" />
                <SequencePoint vc="0" uspid="40" ordinal="0" offset="87" sl="146" sc="0" el="146" ec="0" bec="0" bev="0" fileid="2" />
                <SequencePoint vc="0" uspid="41" ordinal="0" offset="94" sl="143" sc="0" el="143" ec="0" bec="0" bev="0" fileid="2" />
                <SequencePoint vc="0" uspid="42" ordinal="0" offset="102" sl="147" sc="0" el="147" ec="0" bec="0" bev="0" fileid="2" />
                <SequencePoint vc="0" uspid="43" ordinal="0" offset="120" sl="148" sc="0" el="148" ec="0" bec="0" bev="0" fileid="2" />
                <SequencePoint vc="0" uspid="44" ordinal="0" offset="143" sl="149" sc="0" el="149" ec="0" bec="0" bev="0" fileid="2" />
                <SequencePoint vc="0" uspid="45" ordinal="0" offset="161" sl="150" sc="0" el="150" ec="0" bec="0" bev="0" fileid="2" />
                <SequencePoint vc="0" uspid="46" ordinal="0" offset="184" sl="152" sc="0" el="152" ec="0" bec="0" bev="0" fileid="2" />
                <SequencePoint vc="0" uspid="47" ordinal="0" offset="201" sl="153" sc="0" el="153" ec="0" bec="0" bev="0" fileid="2" />
                <SequencePoint vc="0" uspid="48" ordinal="0" offset="223" sl="154" sc="0" el="154" ec="0" bec="0" bev="0" fileid="2" />
                <SequencePoint vc="0" uspid="49" ordinal="0" offset="224" sl="155" sc="0" el="155" ec="0" bec="0" bev="0" fileid="2" />
                <SequencePoint vc="0" uspid="50" ordinal="0" offset="226" sl="156" sc="0" el="156" ec="0" bec="0" bev="0" fileid="2" />
                <SequencePoint vc="0" uspid="51" ordinal="0" offset="243" sl="157" sc="0" el="157" ec="0" bec="0" bev="0" fileid="2" />
                <SequencePoint vc="0" uspid="52" ordinal="0" offset="244" sl="159" sc="0" el="159" ec="0" bec="0" bev="0" fileid="2" />
                <SequencePoint vc="0" uspid="53" ordinal="0" offset="277" sl="162" sc="0" el="162" ec="0" bec="0" bev="0" fileid="2" />
                <SequencePoint vc="0" uspid="54" ordinal="0" offset="289" sl="163" sc="0" el="163" ec="0" bec="0" bev="0" fileid="2" />
                <SequencePoint vc="0" uspid="55" ordinal="0" offset="291" sl="165" sc="0" el="165" ec="0" bec="0" bev="0" fileid="2" />
                <SequencePoint vc="0" uspid="56" ordinal="0" offset="303" sl="166" sc="0" el="166" ec="0" bec="0" bev="0" fileid="2" />
                <SequencePoint vc="0" uspid="57" ordinal="0" offset="310" sl="167" sc="0" el="167" ec="0" bec="0" bev="0" fileid="2" />
                <SequencePoint vc="0" uspid="58" ordinal="0" offset="328" sl="168" sc="0" el="168" ec="0" bec="0" bev="0" fileid="2" />
                <SequencePoint vc="0" uspid="59" ordinal="0" offset="330" sl="170" sc="0" el="170" ec="0" bec="0" bev="0" fileid="2" />
                <SequencePoint vc="0" uspid="60" ordinal="0" offset="342" sl="171" sc="0" el="171" ec="0" bec="0" bev="0" fileid="2" />
                <SequencePoint vc="0" uspid="61" ordinal="0" offset="349" sl="172" sc="0" el="172" ec="0" bec="0" bev="0" fileid="2" />
                <SequencePoint vc="0" uspid="62" ordinal="0" offset="367" sl="173" sc="0" el="173" ec="0" bec="0" bev="0" fileid="2" />
                <SequencePoint vc="0" uspid="63" ordinal="0" offset="369" sl="175" sc="0" el="175" ec="0" bec="0" bev="0" fileid="2" />
                <SequencePoint vc="0" uspid="64" ordinal="0" offset="376" sl="176" sc="0" el="176" ec="0" bec="0" bev="0" fileid="2" />
                <SequencePoint vc="0" uspid="65" ordinal="0" offset="377" sl="177" sc="0" el="177" ec="0" bec="0" bev="0" fileid="2" />
                <SequencePoint vc="0" uspid="66" ordinal="0" offset="394" sl="178" sc="0" el="178" ec="0" bec="0" bev="0" fileid="2" />
                <SequencePoint vc="0" uspid="67" ordinal="0" offset="412" sl="179" sc="0" el="179" ec="0" bec="0" bev="0" fileid="2" />
                <SequencePoint vc="0" uspid="68" ordinal="0" offset="413" sl="180" sc="0" el="180" ec="0" bec="0" bev="0" fileid="2" />
                <SequencePoint vc="0" uspid="69" ordinal="0" offset="426" sl="181" sc="0" el="181" ec="0" bec="0" bev="0" fileid="2" />
                <SequencePoint vc="0" uspid="70" ordinal="0" offset="427" sl="181" sc="0" el="181" ec="0" bec="0" bev="0" fileid="2" />
                <SequencePoint vc="0" uspid="71" ordinal="0" offset="435" sl="181" sc="0" el="181" ec="0" bec="0" bev="0" fileid="2" />
                <SequencePoint vc="0" uspid="72" ordinal="0" offset="442" sl="182" sc="0" el="182" ec="0" bec="0" bev="0" fileid="2" />
                <SequencePoint vc="0" uspid="73" ordinal="0" offset="456" sl="181" sc="0" el="181" ec="0" bec="0" bev="0" fileid="2" />
                <SequencePoint vc="0" uspid="74" ordinal="0" offset="464" sl="183" sc="0" el="183" ec="0" bec="0" bev="0" fileid="2" />
                <SequencePoint vc="0" uspid="75" ordinal="0" offset="465" sl="184" sc="0" el="184" ec="0" bec="0" bev="0" fileid="2" />
              </SequencePoints>
              <BranchPoints />
            </Method>
            <Method visited="false" cyclomaticComplexity="0" nPathComplexity="0" sequenceCoverage="0.0" branchCoverage="0" crapScore="0" isConstructor="false" isStatic="false" isGetter="false" isSetter="false">
              <Summary numSequencePoints="3" visitedSequencePoints="0" numBranchPoints="0" visitedBranchPoints="0" sequenceCoverage="0.0" branchCoverage="0" maxCyclomaticComplexity="0" minCyclomaticComplexity="0" maxCrapScore="0" minCrapScore="0" visitedClasses="0" numClasses="0" visitedMethods="0" numMethods="1" />
              <MetadataToken>100663306</MetadataToken>
              <Name>UnityEngine.GameObject EVA.Control::GetMainMenu()</Name>
              <FileRef uid="2" />
              <SequencePoints>
                <SequencePoint vc="0" uspid="76" ordinal="0" offset="0" sl="192" sc="0" el="192" ec="0" bec="0" bev="0" fileid="2" />
                <SequencePoint vc="0" uspid="77" ordinal="0" offset="1" sl="193" sc="0" el="193" ec="0" bec="0" bev="0" fileid="2" />
                <SequencePoint vc="0" uspid="78" ordinal="0" offset="10" sl="194" sc="0" el="194" ec="0" bec="0" bev="0" fileid="2" />
              </SequencePoints>
              <BranchPoints />
            </Method>
            <Method visited="false" cyclomaticComplexity="0" nPathComplexity="0" sequenceCoverage="0.0" branchCoverage="0" crapScore="0" isConstructor="false" isStatic="false" isGetter="false" isSetter="false">
              <Summary numSequencePoints="17" visitedSequencePoints="0" numBranchPoints="0" visitedBranchPoints="0" sequenceCoverage="0.0" branchCoverage="0" maxCyclomaticComplexity="0" minCyclomaticComplexity="0" maxCrapScore="0" minCrapScore="0" visitedClasses="0" numClasses="0" visitedMethods="0" numMethods="1" />
              <MetadataToken>100663307</MetadataToken>
              <Name>System.Void EVA.Control::Start()</Name>
              <FileRef uid="2" />
              <SequencePoints>
                <SequencePoint vc="0" uspid="79" ordinal="0" offset="0" sl="200" sc="0" el="200" ec="0" bec="0" bev="0" fileid="2" />
                <SequencePoint vc="0" uspid="80" ordinal="0" offset="1" sl="201" sc="0" el="201" ec="0" bec="0" bev="0" fileid="2" />
                <SequencePoint vc="0" uspid="81" ordinal="0" offset="8" sl="202" sc="0" el="202" ec="0" bec="0" bev="0" fileid="2" />
                <SequencePoint vc="0" uspid="82" ordinal="0" offset="20" sl="203" sc="0" el="203" ec="0" bec="0" bev="0" fileid="2" />
                <SequencePoint vc="0" uspid="83" ordinal="0" offset="34" sl="204" sc="0" el="204" ec="0" bec="0" bev="0" fileid="2" />
                <SequencePoint vc="0" uspid="84" ordinal="0" offset="35" sl="205" sc="0" el="205" ec="0" bec="0" bev="0" fileid="2" />
                <SequencePoint vc="0" uspid="85" ordinal="0" offset="72" sl="206" sc="0" el="206" ec="0" bec="0" bev="0" fileid="2" />
                <SequencePoint vc="0" uspid="86" ordinal="0" offset="75" sl="208" sc="0" el="208" ec="0" bec="0" bev="0" fileid="2" />
                <SequencePoint vc="0" uspid="87" ordinal="0" offset="76" sl="209" sc="0" el="209" ec="0" bec="0" bev="0" fileid="2" />
                <SequencePoint vc="0" uspid="88" ordinal="0" offset="84" sl="210" sc="0" el="210" ec="0" bec="0" bev="0" fileid="2" />
                <SequencePoint vc="0" uspid="89" ordinal="0" offset="85" sl="232" sc="0" el="232" ec="0" bec="0" bev="0" fileid="2" />
                <SequencePoint vc="0" uspid="90" ordinal="0" offset="92" sl="233" sc="0" el="233" ec="0" bec="0" bev="0" fileid="2" />
                <SequencePoint vc="0" uspid="91" ordinal="0" offset="107" sl="234" sc="0" el="234" ec="0" bec="0" bev="0" fileid="2" />
                <SequencePoint vc="0" uspid="92" ordinal="0" offset="108" sl="235" sc="0" el="235" ec="0" bec="0" bev="0" fileid="2" />
                <SequencePoint vc="0" uspid="93" ordinal="0" offset="124" sl="236" sc="0" el="236" ec="0" bec="0" bev="0" fileid="2" />
                <SequencePoint vc="0" uspid="94" ordinal="0" offset="140" sl="237" sc="0" el="237" ec="0" bec="0" bev="0" fileid="2" />
                <SequencePoint vc="0" uspid="95" ordinal="0" offset="141" sl="238" sc="0" el="238" ec="0" bec="0" bev="0" fileid="2" />
              </SequencePoints>
              <BranchPoints />
            </Method>
            <Method visited="false" cyclomaticComplexity="0" nPathComplexity="0" sequenceCoverage="0.0" branchCoverage="0" crapScore="0" isConstructor="false" isStatic="false" isGetter="false" isSetter="false">
              <Summary numSequencePoints="151" visitedSequencePoints="0" numBranchPoints="0" visitedBranchPoints="0" sequenceCoverage="0.0" branchCoverage="0" maxCyclomaticComplexity="0" minCyclomaticComplexity="0" maxCrapScore="0" minCrapScore="0" visitedClasses="0" numClasses="0" visitedMethods="0" numMethods="1" />
              <MetadataToken>100663308</MetadataToken>
              <Name>System.Void EVA.Control::Update()</Name>
              <FileRef uid="2" />
              <SequencePoints>
                <SequencePoint vc="0" uspid="96" ordinal="0" offset="0" sl="244" sc="0" el="244" ec="0" bec="0" bev="0" fileid="2" />
                <SequencePoint vc="0" uspid="97" ordinal="0" offset="1" sl="246" sc="0" el="246" ec="0" bec="0" bev="0" fileid="2" />
                <SequencePoint vc="0" uspid="98" ordinal="0" offset="44" sl="247" sc="0" el="247" ec="0" bec="0" bev="0" fileid="2" />
                <SequencePoint vc="0" uspid="99" ordinal="0" offset="45" sl="248" sc="0" el="248" ec="0" bec="0" bev="0" fileid="2" />
                <SequencePoint vc="0" uspid="100" ordinal="0" offset="65" sl="249" sc="0" el="249" ec="0" bec="0" bev="0" fileid="2" />
                <SequencePoint vc="0" uspid="101" ordinal="0" offset="66" sl="250" sc="0" el="250" ec="0" bec="0" bev="0" fileid="2" />
                <SequencePoint vc="0" uspid="102" ordinal="0" offset="83" sl="251" sc="0" el="251" ec="0" bec="0" bev="0" fileid="2" />
                <SequencePoint vc="0" uspid="103" ordinal="0" offset="86" sl="253" sc="0" el="253" ec="0" bec="0" bev="0" fileid="2" />
                <SequencePoint vc="0" uspid="104" ordinal="0" offset="87" sl="254" sc="0" el="254" ec="0" bec="0" bev="0" fileid="2" />
                <SequencePoint vc="0" uspid="105" ordinal="0" offset="104" sl="255" sc="0" el="255" ec="0" bec="0" bev="0" fileid="2" />
                <SequencePoint vc="0" uspid="106" ordinal="0" offset="105" sl="256" sc="0" el="256" ec="0" bec="0" bev="0" fileid="2" />
                <SequencePoint vc="0" uspid="107" ordinal="0" offset="106" sl="257" sc="0" el="257" ec="0" bec="0" bev="0" fileid="2" />
                <SequencePoint vc="0" uspid="108" ordinal="0" offset="138" sl="260" sc="0" el="260" ec="0" bec="0" bev="0" fileid="2" />
                <SequencePoint vc="0" uspid="109" ordinal="0" offset="150" sl="261" sc="0" el="261" ec="0" bec="0" bev="0" fileid="2" />
                <SequencePoint vc="0" uspid="110" ordinal="0" offset="162" sl="262" sc="0" el="262" ec="0" bec="0" bev="0" fileid="2" />
                <SequencePoint vc="0" uspid="111" ordinal="0" offset="187" sl="263" sc="0" el="263" ec="0" bec="0" bev="0" fileid="2" />
                <SequencePoint vc="0" uspid="112" ordinal="0" offset="205" sl="266" sc="0" el="266" ec="0" bec="0" bev="0" fileid="2" />
                <SequencePoint vc="0" uspid="113" ordinal="0" offset="223" sl="267" sc="0" el="267" ec="0" bec="0" bev="0" fileid="2" />
                <SequencePoint vc="0" uspid="114" ordinal="0" offset="224" sl="268" sc="0" el="268" ec="0" bec="0" bev="0" fileid="2" />
                <SequencePoint vc="0" uspid="115" ordinal="0" offset="233" sl="269" sc="0" el="269" ec="0" bec="0" bev="0" fileid="2" />
                <SequencePoint vc="0" uspid="116" ordinal="0" offset="234" sl="272" sc="0" el="272" ec="0" bec="0" bev="0" fileid="2" />
                <SequencePoint vc="0" uspid="117" ordinal="0" offset="249" sl="273" sc="0" el="273" ec="0" bec="0" bev="0" fileid="2" />
                <SequencePoint vc="0" uspid="118" ordinal="0" offset="250" sl="274" sc="0" el="274" ec="0" bec="0" bev="0" fileid="2" />
                <SequencePoint vc="0" uspid="119" ordinal="0" offset="258" sl="275" sc="0" el="275" ec="0" bec="0" bev="0" fileid="2" />
                <SequencePoint vc="0" uspid="120" ordinal="0" offset="264" sl="277" sc="0" el="277" ec="0" bec="0" bev="0" fileid="2" />
                <SequencePoint vc="0" uspid="121" ordinal="0" offset="265" sl="279" sc="0" el="279" ec="0" bec="0" bev="0" fileid="2" />
                <SequencePoint vc="0" uspid="122" ordinal="0" offset="329" sl="280" sc="0" el="280" ec="0" bec="0" bev="0" fileid="2" />
                <SequencePoint vc="0" uspid="123" ordinal="0" offset="330" sl="281" sc="0" el="281" ec="0" bec="0" bev="0" fileid="2" />
                <SequencePoint vc="0" uspid="124" ordinal="0" offset="361" sl="282" sc="0" el="282" ec="0" bec="0" bev="0" fileid="2" />
                <SequencePoint vc="0" uspid="125" ordinal="0" offset="381" sl="283" sc="0" el="283" ec="0" bec="0" bev="0" fileid="2" />
                <SequencePoint vc="0" uspid="126" ordinal="0" offset="394" sl="284" sc="0" el="284" ec="0" bec="0" bev="0" fileid="2" />
                <SequencePoint vc="0" uspid="127" ordinal="0" offset="401" sl="285" sc="0" el="285" ec="0" bec="0" bev="0" fileid="2" />
                <SequencePoint vc="0" uspid="128" ordinal="0" offset="402" sl="288" sc="0" el="288" ec="0" bec="0" bev="0" fileid="2" />
                <SequencePoint vc="0" uspid="129" ordinal="0" offset="437" sl="289" sc="0" el="289" ec="0" bec="0" bev="0" fileid="2" />
                <SequencePoint vc="0" uspid="130" ordinal="0" offset="438" sl="291" sc="0" el="291" ec="0" bec="0" bev="0" fileid="2" />
                <SequencePoint vc="0" uspid="131" ordinal="0" offset="463" sl="292" sc="0" el="292" ec="0" bec="0" bev="0" fileid="2" />
                <SequencePoint vc="0" uspid="132" ordinal="0" offset="464" sl="294" sc="0" el="294" ec="0" bec="0" bev="0" fileid="2" />
                <SequencePoint vc="0" uspid="133" ordinal="0" offset="476" sl="295" sc="0" el="295" ec="0" bec="0" bev="0" fileid="2" />
                <SequencePoint vc="0" uspid="134" ordinal="0" offset="479" sl="296" sc="0" el="296" ec="0" bec="0" bev="0" fileid="2" />
                <SequencePoint vc="0" uspid="135" ordinal="0" offset="480" sl="296" sc="0" el="296" ec="0" bec="0" bev="0" fileid="2" />
                <SequencePoint vc="0" uspid="136" ordinal="0" offset="489" sl="296" sc="0" el="296" ec="0" bec="0" bev="0" fileid="2" />
                <SequencePoint vc="0" uspid="137" ordinal="0" offset="496" sl="297" sc="0" el="297" ec="0" bec="0" bev="0" fileid="2" />
                <SequencePoint vc="0" uspid="138" ordinal="0" offset="497" sl="298" sc="0" el="298" ec="0" bec="0" bev="0" fileid="2" />
                <SequencePoint vc="0" uspid="139" ordinal="0" offset="510" sl="299" sc="0" el="299" ec="0" bec="0" bev="0" fileid="2" />
                <SequencePoint vc="0" uspid="140" ordinal="0" offset="511" sl="300" sc="0" el="300" ec="0" bec="0" bev="0" fileid="2" />
                <SequencePoint vc="0" uspid="141" ordinal="0" offset="515" sl="301" sc="0" el="301" ec="0" bec="0" bev="0" fileid="2" />
                <SequencePoint vc="0" uspid="142" ordinal="0" offset="516" sl="302" sc="0" el="302" ec="0" bec="0" bev="0" fileid="2" />
                <SequencePoint vc="0" uspid="143" ordinal="0" offset="523" sl="296" sc="0" el="296" ec="0" bec="0" bev="0" fileid="2" />
                <SequencePoint vc="0" uspid="144" ordinal="0" offset="531" sl="304" sc="0" el="304" ec="0" bec="0" bev="0" fileid="2" />
                <SequencePoint vc="0" uspid="145" ordinal="0" offset="545" sl="305" sc="0" el="305" ec="0" bec="0" bev="0" fileid="2" />
                <SequencePoint vc="0" uspid="146" ordinal="0" offset="546" sl="307" sc="0" el="307" ec="0" bec="0" bev="0" fileid="2" />
                <SequencePoint vc="0" uspid="147" ordinal="0" offset="574" sl="309" sc="0" el="309" ec="0" bec="0" bev="0" fileid="2" />
                <SequencePoint vc="0" uspid="148" ordinal="0" offset="586" sl="310" sc="0" el="310" ec="0" bec="0" bev="0" fileid="2" />
                <SequencePoint vc="0" uspid="149" ordinal="0" offset="589" sl="311" sc="0" el="311" ec="0" bec="0" bev="0" fileid="2" />
                <SequencePoint vc="0" uspid="150" ordinal="0" offset="590" sl="311" sc="0" el="311" ec="0" bec="0" bev="0" fileid="2" />
                <SequencePoint vc="0" uspid="151" ordinal="0" offset="599" sl="311" sc="0" el="311" ec="0" bec="0" bev="0" fileid="2" />
                <SequencePoint vc="0" uspid="152" ordinal="0" offset="606" sl="312" sc="0" el="312" ec="0" bec="0" bev="0" fileid="2" />
                <SequencePoint vc="0" uspid="153" ordinal="0" offset="607" sl="313" sc="0" el="313" ec="0" bec="0" bev="0" fileid="2" />
                <SequencePoint vc="0" uspid="154" ordinal="0" offset="620" sl="314" sc="0" el="314" ec="0" bec="0" bev="0" fileid="2" />
                <SequencePoint vc="0" uspid="155" ordinal="0" offset="621" sl="315" sc="0" el="315" ec="0" bec="0" bev="0" fileid="2" />
                <SequencePoint vc="0" uspid="156" ordinal="0" offset="625" sl="316" sc="0" el="316" ec="0" bec="0" bev="0" fileid="2" />
                <SequencePoint vc="0" uspid="157" ordinal="0" offset="626" sl="317" sc="0" el="317" ec="0" bec="0" bev="0" fileid="2" />
                <SequencePoint vc="0" uspid="158" ordinal="0" offset="633" sl="311" sc="0" el="311" ec="0" bec="0" bev="0" fileid="2" />
                <SequencePoint vc="0" uspid="159" ordinal="0" offset="641" sl="318" sc="0" el="318" ec="0" bec="0" bev="0" fileid="2" />
                <SequencePoint vc="0" uspid="160" ordinal="0" offset="655" sl="319" sc="0" el="319" ec="0" bec="0" bev="0" fileid="2" />
                <SequencePoint vc="0" uspid="161" ordinal="0" offset="656" sl="320" sc="0" el="320" ec="0" bec="0" bev="0" fileid="2" />
                <SequencePoint vc="0" uspid="162" ordinal="0" offset="669" sl="321" sc="0" el="321" ec="0" bec="0" bev="0" fileid="2" />
                <SequencePoint vc="0" uspid="163" ordinal="0" offset="670" sl="322" sc="0" el="322" ec="0" bec="0" bev="0" fileid="2" />
                <SequencePoint vc="0" uspid="164" ordinal="0" offset="671" sl="323" sc="0" el="323" ec="0" bec="0" bev="0" fileid="2" />
                <SequencePoint vc="0" uspid="165" ordinal="0" offset="672" sl="324" sc="0" el="324" ec="0" bec="0" bev="0" fileid="2" />
                <SequencePoint vc="0" uspid="166" ordinal="0" offset="673" sl="327" sc="0" el="327" ec="0" bec="0" bev="0" fileid="2" />
                <SequencePoint vc="0" uspid="167" ordinal="0" offset="719" sl="328" sc="0" el="328" ec="0" bec="0" bev="0" fileid="2" />
                <SequencePoint vc="0" uspid="168" ordinal="0" offset="720" sl="329" sc="0" el="329" ec="0" bec="0" bev="0" fileid="2" />
                <SequencePoint vc="0" uspid="169" ordinal="0" offset="735" sl="330" sc="0" el="330" ec="0" bec="0" bev="0" fileid="2" />
                <SequencePoint vc="0" uspid="170" ordinal="0" offset="736" sl="331" sc="0" el="331" ec="0" bec="0" bev="0" fileid="2" />
                <SequencePoint vc="0" uspid="171" ordinal="0" offset="743" sl="332" sc="0" el="332" ec="0" bec="0" bev="0" fileid="2" />
                <SequencePoint vc="0" uspid="172" ordinal="0" offset="744" sl="333" sc="0" el="333" ec="0" bec="0" bev="0" fileid="2" />
                <SequencePoint vc="0" uspid="173" ordinal="0" offset="745" sl="336" sc="0" el="336" ec="0" bec="0" bev="0" fileid="2" />
                <SequencePoint vc="0" uspid="174" ordinal="0" offset="765" sl="337" sc="0" el="337" ec="0" bec="0" bev="0" fileid="2" />
                <SequencePoint vc="0" uspid="175" ordinal="0" offset="766" sl="339" sc="0" el="339" ec="0" bec="0" bev="0" fileid="2" />
                <SequencePoint vc="0" uspid="176" ordinal="0" offset="819" sl="340" sc="0" el="340" ec="0" bec="0" bev="0" fileid="2" />
                <SequencePoint vc="0" uspid="177" ordinal="0" offset="820" sl="342" sc="0" el="342" ec="0" bec="0" bev="0" fileid="2" />
                <SequencePoint vc="0" uspid="178" ordinal="0" offset="838" sl="343" sc="0" el="343" ec="0" bec="0" bev="0" fileid="2" />
                <SequencePoint vc="0" uspid="179" ordinal="0" offset="839" sl="344" sc="0" el="344" ec="0" bec="0" bev="0" fileid="2" />
                <SequencePoint vc="0" uspid="180" ordinal="0" offset="846" sl="345" sc="0" el="345" ec="0" bec="0" bev="0" fileid="2" />
                <SequencePoint vc="0" uspid="181" ordinal="0" offset="847" sl="346" sc="0" el="346" ec="0" bec="0" bev="0" fileid="2" />
                <SequencePoint vc="0" uspid="182" ordinal="0" offset="854" sl="347" sc="0" el="347" ec="0" bec="0" bev="0" fileid="2" />
                <SequencePoint vc="0" uspid="183" ordinal="0" offset="855" sl="350" sc="0" el="350" ec="0" bec="0" bev="0" fileid="2" />
                <SequencePoint vc="0" uspid="184" ordinal="0" offset="877" sl="351" sc="0" el="351" ec="0" bec="0" bev="0" fileid="2" />
                <SequencePoint vc="0" uspid="185" ordinal="0" offset="878" sl="353" sc="0" el="353" ec="0" bec="0" bev="0" fileid="2" />
                <SequencePoint vc="0" uspid="186" ordinal="0" offset="890" sl="354" sc="0" el="354" ec="0" bec="0" bev="0" fileid="2" />
                <SequencePoint vc="0" uspid="187" ordinal="0" offset="927" sl="355" sc="0" el="355" ec="0" bec="0" bev="0" fileid="2" />
                <SequencePoint vc="0" uspid="188" ordinal="0" offset="928" sl="356" sc="0" el="356" ec="0" bec="0" bev="0" fileid="2" />
                <SequencePoint vc="0" uspid="189" ordinal="0" offset="935" sl="357" sc="0" el="357" ec="0" bec="0" bev="0" fileid="2" />
                <SequencePoint vc="0" uspid="190" ordinal="0" offset="942" sl="358" sc="0" el="358" ec="0" bec="0" bev="0" fileid="2" />
                <SequencePoint vc="0" uspid="191" ordinal="0" offset="943" sl="359" sc="0" el="359" ec="0" bec="0" bev="0" fileid="2" />
                <SequencePoint vc="0" uspid="192" ordinal="0" offset="958" sl="360" sc="0" el="360" ec="0" bec="0" bev="0" fileid="2" />
                <SequencePoint vc="0" uspid="193" ordinal="0" offset="959" sl="361" sc="0" el="361" ec="0" bec="0" bev="0" fileid="2" />
                <SequencePoint vc="0" uspid="194" ordinal="0" offset="966" sl="362" sc="0" el="362" ec="0" bec="0" bev="0" fileid="2" />
                <SequencePoint vc="0" uspid="195" ordinal="0" offset="967" sl="364" sc="0" el="364" ec="0" bec="0" bev="0" fileid="2" />
                <SequencePoint vc="0" uspid="196" ordinal="0" offset="985" sl="365" sc="0" el="365" ec="0" bec="0" bev="0" fileid="2" />
                <SequencePoint vc="0" uspid="197" ordinal="0" offset="994" sl="366" sc="0" el="366" ec="0" bec="0" bev="0" fileid="2" />
                <SequencePoint vc="0" uspid="198" ordinal="0" offset="995" sl="367" sc="0" el="367" ec="0" bec="0" bev="0" fileid="2" />
                <SequencePoint vc="0" uspid="199" ordinal="0" offset="996" sl="370" sc="0" el="370" ec="0" bec="0" bev="0" fileid="2" />
                <SequencePoint vc="0" uspid="200" ordinal="0" offset="1013" sl="371" sc="0" el="371" ec="0" bec="0" bev="0" fileid="2" />
                <SequencePoint vc="0" uspid="201" ordinal="0" offset="1014" sl="372" sc="0" el="372" ec="0" bec="0" bev="0" fileid="2" />
                <SequencePoint vc="0" uspid="202" ordinal="0" offset="1023" sl="373" sc="0" el="373" ec="0" bec="0" bev="0" fileid="2" />
                <SequencePoint vc="0" uspid="203" ordinal="0" offset="1048" sl="374" sc="0" el="374" ec="0" bec="0" bev="0" fileid="2" />
                <SequencePoint vc="0" uspid="204" ordinal="0" offset="1049" sl="375" sc="0" el="375" ec="0" bec="0" bev="0" fileid="2" />
                <SequencePoint vc="0" uspid="205" ordinal="0" offset="1067" sl="376" sc="0" el="376" ec="0" bec="0" bev="0" fileid="2" />
                <SequencePoint vc="0" uspid="206" ordinal="0" offset="1074" sl="377" sc="0" el="377" ec="0" bec="0" bev="0" fileid="2" />
                <SequencePoint vc="0" uspid="207" ordinal="0" offset="1075" sl="378" sc="0" el="378" ec="0" bec="0" bev="0" fileid="2" />
                <SequencePoint vc="0" uspid="208" ordinal="0" offset="1097" sl="379" sc="0" el="379" ec="0" bec="0" bev="0" fileid="2" />
                <SequencePoint vc="0" uspid="209" ordinal="0" offset="1098" sl="380" sc="0" el="380" ec="0" bec="0" bev="0" fileid="2" />
                <SequencePoint vc="0" uspid="210" ordinal="0" offset="1107" sl="381" sc="0" el="381" ec="0" bec="0" bev="0" fileid="2" />
                <SequencePoint vc="0" uspid="211" ordinal="0" offset="1108" sl="382" sc="0" el="382" ec="0" bec="0" bev="0" fileid="2" />
                <SequencePoint vc="0" uspid="212" ordinal="0" offset="1109" sl="385" sc="0" el="385" ec="0" bec="0" bev="0" fileid="2" />
                <SequencePoint vc="0" uspid="213" ordinal="0" offset="1158" sl="386" sc="0" el="386" ec="0" bec="0" bev="0" fileid="2" />
                <SequencePoint vc="0" uspid="214" ordinal="0" offset="1159" sl="387" sc="0" el="387" ec="0" bec="0" bev="0" fileid="2" />
                <SequencePoint vc="0" uspid="215" ordinal="0" offset="1174" sl="388" sc="0" el="388" ec="0" bec="0" bev="0" fileid="2" />
                <SequencePoint vc="0" uspid="216" ordinal="0" offset="1175" sl="389" sc="0" el="389" ec="0" bec="0" bev="0" fileid="2" />
                <SequencePoint vc="0" uspid="217" ordinal="0" offset="1182" sl="390" sc="0" el="390" ec="0" bec="0" bev="0" fileid="2" />
                <SequencePoint vc="0" uspid="218" ordinal="0" offset="1185" sl="392" sc="0" el="392" ec="0" bec="0" bev="0" fileid="2" />
                <SequencePoint vc="0" uspid="219" ordinal="0" offset="1186" sl="393" sc="0" el="393" ec="0" bec="0" bev="0" fileid="2" />
                <SequencePoint vc="0" uspid="220" ordinal="0" offset="1200" sl="394" sc="0" el="394" ec="0" bec="0" bev="0" fileid="2" />
                <SequencePoint vc="0" uspid="221" ordinal="0" offset="1201" sl="395" sc="0" el="395" ec="0" bec="0" bev="0" fileid="2" />
                <SequencePoint vc="0" uspid="222" ordinal="0" offset="1204" sl="397" sc="0" el="397" ec="0" bec="0" bev="0" fileid="2" />
                <SequencePoint vc="0" uspid="223" ordinal="0" offset="1233" sl="398" sc="0" el="398" ec="0" bec="0" bev="0" fileid="2" />
                <SequencePoint vc="0" uspid="224" ordinal="0" offset="1234" sl="399" sc="0" el="399" ec="0" bec="0" bev="0" fileid="2" />
                <SequencePoint vc="0" uspid="225" ordinal="0" offset="1249" sl="400" sc="0" el="400" ec="0" bec="0" bev="0" fileid="2" />
                <SequencePoint vc="0" uspid="226" ordinal="0" offset="1250" sl="401" sc="0" el="401" ec="0" bec="0" bev="0" fileid="2" />
                <SequencePoint vc="0" uspid="227" ordinal="0" offset="1265" sl="402" sc="0" el="402" ec="0" bec="0" bev="0" fileid="2" />
                <SequencePoint vc="0" uspid="228" ordinal="0" offset="1274" sl="403" sc="0" el="403" ec="0" bec="0" bev="0" fileid="2" />
                <SequencePoint vc="0" uspid="229" ordinal="0" offset="1281" sl="404" sc="0" el="404" ec="0" bec="0" bev="0" fileid="2" />
                <SequencePoint vc="0" uspid="230" ordinal="0" offset="1284" sl="406" sc="0" el="406" ec="0" bec="0" bev="0" fileid="2" />
                <SequencePoint vc="0" uspid="231" ordinal="0" offset="1285" sl="407" sc="0" el="407" ec="0" bec="0" bev="0" fileid="2" />
                <SequencePoint vc="0" uspid="232" ordinal="0" offset="1299" sl="408" sc="0" el="408" ec="0" bec="0" bev="0" fileid="2" />
                <SequencePoint vc="0" uspid="233" ordinal="0" offset="1300" sl="409" sc="0" el="409" ec="0" bec="0" bev="0" fileid="2" />
                <SequencePoint vc="0" uspid="234" ordinal="0" offset="1301" sl="412" sc="0" el="412" ec="0" bec="0" bev="0" fileid="2" />
                <SequencePoint vc="0" uspid="235" ordinal="0" offset="1318" sl="413" sc="0" el="413" ec="0" bec="0" bev="0" fileid="2" />
                <SequencePoint vc="0" uspid="236" ordinal="0" offset="1319" sl="414" sc="0" el="414" ec="0" bec="0" bev="0" fileid="2" />
                <SequencePoint vc="0" uspid="237" ordinal="0" offset="1328" sl="415" sc="0" el="415" ec="0" bec="0" bev="0" fileid="2" />
                <SequencePoint vc="0" uspid="238" ordinal="0" offset="1366" sl="416" sc="0" el="416" ec="0" bec="0" bev="0" fileid="2" />
                <SequencePoint vc="0" uspid="239" ordinal="0" offset="1367" sl="417" sc="0" el="417" ec="0" bec="0" bev="0" fileid="2" />
                <SequencePoint vc="0" uspid="240" ordinal="0" offset="1378" sl="418" sc="0" el="418" ec="0" bec="0" bev="0" fileid="2" />
                <SequencePoint vc="0" uspid="241" ordinal="0" offset="1411" sl="419" sc="0" el="419" ec="0" bec="0" bev="0" fileid="2" />
                <SequencePoint vc="0" uspid="242" ordinal="0" offset="1412" sl="420" sc="0" el="420" ec="0" bec="0" bev="0" fileid="2" />
                <SequencePoint vc="0" uspid="243" ordinal="0" offset="1413" sl="421" sc="0" el="421" ec="0" bec="0" bev="0" fileid="2" />
                <SequencePoint vc="0" uspid="244" ordinal="0" offset="1414" sl="422" sc="0" el="422" ec="0" bec="0" bev="0" fileid="2" />
                <SequencePoint vc="0" uspid="245" ordinal="0" offset="1416" sl="427" sc="0" el="427" ec="0" bec="0" bev="0" fileid="2" />
                <SequencePoint vc="0" uspid="246" ordinal="0" offset="1418" sl="429" sc="0" el="429" ec="0" bec="0" bev="0" fileid="2" />
              </SequencePoints>
              <BranchPoints />
            </Method>
            <Method visited="false" cyclomaticComplexity="0" nPathComplexity="0" sequenceCoverage="0.0" branchCoverage="0" crapScore="0" isConstructor="false" isStatic="false" isGetter="false" isSetter="false">
              <Summary numSequencePoints="18" visitedSequencePoints="0" numBranchPoints="0" visitedBranchPoints="0" sequenceCoverage="0.0" branchCoverage="0" maxCyclomaticComplexity="0" minCyclomaticComplexity="0" maxCrapScore="0" minCrapScore="0" visitedClasses="0" numClasses="0" visitedMethods="0" numMethods="1" />
              <MetadataToken>100663309</MetadataToken>
              <Name>System.Void EVA.Control::DeleteGrabbedObject()</Name>
              <FileRef uid="2" />
              <SequencePoints>
                <SequencePoint vc="0" uspid="247" ordinal="0" offset="0" sl="436" sc="0" el="436" ec="0" bec="0" bev="0" fileid="2" />
                <SequencePoint vc="0" uspid="248" ordinal="0" offset="1" sl="437" sc="0" el="437" ec="0" bec="0" bev="0" fileid="2" />
                <SequencePoint vc="0" uspid="249" ordinal="0" offset="13" sl="438" sc="0" el="438" ec="0" bec="0" bev="0" fileid="2" />
                <SequencePoint vc="0" uspid="250" ordinal="0" offset="28" sl="439" sc="0" el="439" ec="0" bec="0" bev="0" fileid="2" />
                <SequencePoint vc="0" uspid="251" ordinal="0" offset="31" sl="441" sc="0" el="441" ec="0" bec="0" bev="0" fileid="2" />
                <SequencePoint vc="0" uspid="252" ordinal="0" offset="32" sl="442" sc="0" el="442" ec="0" bec="0" bev="0" fileid="2" />
                <SequencePoint vc="0" uspid="253" ordinal="0" offset="61" sl="443" sc="0" el="443" ec="0" bec="0" bev="0" fileid="2" />
                <SequencePoint vc="0" uspid="254" ordinal="0" offset="62" sl="440" sc="0" el="440" ec="0" bec="0" bev="0" fileid="2" />
                <SequencePoint vc="0" uspid="255" ordinal="0" offset="80" sl="444" sc="0" el="444" ec="0" bec="0" bev="0" fileid="2" />
                <SequencePoint vc="0" uspid="256" ordinal="0" offset="81" sl="445" sc="0" el="445" ec="0" bec="0" bev="0" fileid="2" />
                <SequencePoint vc="0" uspid="257" ordinal="0" offset="97" sl="446" sc="0" el="446" ec="0" bec="0" bev="0" fileid="2" />
                <SequencePoint vc="0" uspid="258" ordinal="0" offset="98" sl="447" sc="0" el="447" ec="0" bec="0" bev="0" fileid="2" />
                <SequencePoint vc="0" uspid="259" ordinal="0" offset="116" sl="448" sc="0" el="448" ec="0" bec="0" bev="0" fileid="2" />
                <SequencePoint vc="0" uspid="260" ordinal="0" offset="134" sl="449" sc="0" el="449" ec="0" bec="0" bev="0" fileid="2" />
                <SequencePoint vc="0" uspid="261" ordinal="0" offset="135" sl="450" sc="0" el="450" ec="0" bec="0" bev="0" fileid="2" />
                <SequencePoint vc="0" uspid="262" ordinal="0" offset="142" sl="451" sc="0" el="451" ec="0" bec="0" bev="0" fileid="2" />
                <SequencePoint vc="0" uspid="263" ordinal="0" offset="149" sl="452" sc="0" el="452" ec="0" bec="0" bev="0" fileid="2" />
                <SequencePoint vc="0" uspid="264" ordinal="0" offset="156" sl="453" sc="0" el="453" ec="0" bec="0" bev="0" fileid="2" />
              </SequencePoints>
              <BranchPoints />
            </Method>
            <Method visited="false" cyclomaticComplexity="0" nPathComplexity="0" sequenceCoverage="0.0" branchCoverage="0" crapScore="0" isConstructor="false" isStatic="false" isGetter="false" isSetter="false">
              <Summary numSequencePoints="41" visitedSequencePoints="0" numBranchPoints="0" visitedBranchPoints="0" sequenceCoverage="0.0" branchCoverage="0" maxCyclomaticComplexity="0" minCyclomaticComplexity="0" maxCrapScore="0" minCrapScore="0" visitedClasses="0" numClasses="0" visitedMethods="0" numMethods="1" />
              <MetadataToken>100663310</MetadataToken>
              <Name>System.Void EVA.Control::PinToWall(UnityEngine.Vector3, UnityEngine.Quaternion)</Name>
              <FileRef uid="2" />
              <SequencePoints>
                <SequencePoint vc="0" uspid="265" ordinal="0" offset="0" sl="461" sc="0" el="461" ec="0" bec="0" bev="0" fileid="2" />
                <SequencePoint vc="0" uspid="266" ordinal="0" offset="1" sl="462" sc="0" el="462" ec="0" bec="0" bev="0" fileid="2" />
                <SequencePoint vc="0" uspid="267" ordinal="0" offset="12" sl="464" sc="0" el="464" ec="0" bec="0" bev="0" fileid="2" />
                <SequencePoint vc="0" uspid="268" ordinal="0" offset="43" sl="465" sc="0" el="465" ec="0" bec="0" bev="0" fileid="2" />
                <SequencePoint vc="0" uspid="269" ordinal="0" offset="44" sl="466" sc="0" el="466" ec="0" bec="0" bev="0" fileid="2" />
                <SequencePoint vc="0" uspid="270" ordinal="0" offset="66" sl="468" sc="0" el="468" ec="0" bec="0" bev="0" fileid="2" />
                <SequencePoint vc="0" uspid="271" ordinal="0" offset="96" sl="469" sc="0" el="469" ec="0" bec="0" bev="0" fileid="2" />
                <SequencePoint vc="0" uspid="272" ordinal="0" offset="97" sl="470" sc="0" el="470" ec="0" bec="0" bev="0" fileid="2" />
                <SequencePoint vc="0" uspid="273" ordinal="0" offset="108" sl="471" sc="0" el="471" ec="0" bec="0" bev="0" fileid="2" />
                <SequencePoint vc="0" uspid="274" ordinal="0" offset="136" sl="472" sc="0" el="472" ec="0" bec="0" bev="0" fileid="2" />
                <SequencePoint vc="0" uspid="275" ordinal="0" offset="158" sl="473" sc="0" el="473" ec="0" bec="0" bev="0" fileid="2" />
                <SequencePoint vc="0" uspid="276" ordinal="0" offset="164" sl="476" sc="0" el="476" ec="0" bec="0" bev="0" fileid="2" />
                <SequencePoint vc="0" uspid="277" ordinal="0" offset="165" sl="477" sc="0" el="477" ec="0" bec="0" bev="0" fileid="2" />
                <SequencePoint vc="0" uspid="278" ordinal="0" offset="176" sl="478" sc="0" el="478" ec="0" bec="0" bev="0" fileid="2" />
                <SequencePoint vc="0" uspid="279" ordinal="0" offset="178" sl="479" sc="0" el="479" ec="0" bec="0" bev="0" fileid="2" />
                <SequencePoint vc="0" uspid="280" ordinal="0" offset="196" sl="480" sc="0" el="480" ec="0" bec="0" bev="0" fileid="2" />
                <SequencePoint vc="0" uspid="281" ordinal="0" offset="203" sl="481" sc="0" el="481" ec="0" bec="0" bev="0" fileid="2" />
                <SequencePoint vc="0" uspid="282" ordinal="0" offset="211" sl="482" sc="0" el="482" ec="0" bec="0" bev="0" fileid="2" />
                <SequencePoint vc="0" uspid="283" ordinal="0" offset="212" sl="482" sc="0" el="482" ec="0" bec="0" bev="0" fileid="2" />
                <SequencePoint vc="0" uspid="284" ordinal="0" offset="223" sl="482" sc="0" el="482" ec="0" bec="0" bev="0" fileid="2" />
                <SequencePoint vc="0" uspid="285" ordinal="0" offset="234" sl="483" sc="0" el="483" ec="0" bec="0" bev="0" fileid="2" />
                <SequencePoint vc="0" uspid="286" ordinal="0" offset="235" sl="484" sc="0" el="484" ec="0" bec="0" bev="0" fileid="2" />
                <SequencePoint vc="0" uspid="287" ordinal="0" offset="250" sl="485" sc="0" el="485" ec="0" bec="0" bev="0" fileid="2" />
                <SequencePoint vc="0" uspid="288" ordinal="0" offset="297" sl="486" sc="0" el="486" ec="0" bec="0" bev="0" fileid="2" />
                <SequencePoint vc="0" uspid="289" ordinal="0" offset="298" sl="487" sc="0" el="487" ec="0" bec="0" bev="0" fileid="2" />
                <SequencePoint vc="0" uspid="290" ordinal="0" offset="326" sl="488" sc="0" el="488" ec="0" bec="0" bev="0" fileid="2" />
                <SequencePoint vc="0" uspid="291" ordinal="0" offset="333" sl="489" sc="0" el="489" ec="0" bec="0" bev="0" fileid="2" />
                <SequencePoint vc="0" uspid="292" ordinal="0" offset="337" sl="490" sc="0" el="490" ec="0" bec="0" bev="0" fileid="2" />
                <SequencePoint vc="0" uspid="293" ordinal="0" offset="346" sl="491" sc="0" el="491" ec="0" bec="0" bev="0" fileid="2" />
                <SequencePoint vc="0" uspid="294" ordinal="0" offset="347" sl="492" sc="0" el="492" ec="0" bec="0" bev="0" fileid="2" />
                <SequencePoint vc="0" uspid="295" ordinal="0" offset="354" sl="482" sc="0" el="482" ec="0" bec="0" bev="0" fileid="2" />
                <SequencePoint vc="0" uspid="296" ordinal="0" offset="365" sl="494" sc="0" el="494" ec="0" bec="0" bev="0" fileid="2" />
                <SequencePoint vc="0" uspid="297" ordinal="0" offset="377" sl="495" sc="0" el="495" ec="0" bec="0" bev="0" fileid="2" />
                <SequencePoint vc="0" uspid="298" ordinal="0" offset="378" sl="496" sc="0" el="496" ec="0" bec="0" bev="0" fileid="2" />
                <SequencePoint vc="0" uspid="299" ordinal="0" offset="389" sl="497" sc="0" el="497" ec="0" bec="0" bev="0" fileid="2" />
                <SequencePoint vc="0" uspid="300" ordinal="0" offset="411" sl="498" sc="0" el="498" ec="0" bec="0" bev="0" fileid="2" />
                <SequencePoint vc="0" uspid="301" ordinal="0" offset="436" sl="499" sc="0" el="499" ec="0" bec="0" bev="0" fileid="2" />
                <SequencePoint vc="0" uspid="302" ordinal="0" offset="458" sl="500" sc="0" el="500" ec="0" bec="0" bev="0" fileid="2" />
                <SequencePoint vc="0" uspid="303" ordinal="0" offset="459" sl="501" sc="0" el="501" ec="0" bec="0" bev="0" fileid="2" />
                <SequencePoint vc="0" uspid="304" ordinal="0" offset="460" sl="502" sc="0" el="502" ec="0" bec="0" bev="0" fileid="2" />
                <SequencePoint vc="0" uspid="305" ordinal="0" offset="461" sl="503" sc="0" el="503" ec="0" bec="0" bev="0" fileid="2" />
              </SequencePoints>
              <BranchPoints />
            </Method>
            <Method visited="false" cyclomaticComplexity="0" nPathComplexity="0" sequenceCoverage="0.0" branchCoverage="0" crapScore="0" isConstructor="false" isStatic="false" isGetter="false" isSetter="false">
              <Summary numSequencePoints="22" visitedSequencePoints="0" numBranchPoints="0" visitedBranchPoints="0" sequenceCoverage="0.0" branchCoverage="0" maxCyclomaticComplexity="0" minCyclomaticComplexity="0" maxCrapScore="0" minCrapScore="0" visitedClasses="0" numClasses="0" visitedMethods="0" numMethods="1" />
              <MetadataToken>100663311</MetadataToken>
              <Name>System.Void EVA.Control::selectObject()</Name>
              <FileRef uid="2" />
              <SequencePoints>
                <SequencePoint vc="0" uspid="306" ordinal="0" offset="0" sl="509" sc="0" el="509" ec="0" bec="0" bev="0" fileid="2" />
                <SequencePoint vc="0" uspid="307" ordinal="0" offset="1" sl="510" sc="0" el="510" ec="0" bec="0" bev="0" fileid="2" />
                <SequencePoint vc="0" uspid="308" ordinal="0" offset="13" sl="511" sc="0" el="511" ec="0" bec="0" bev="0" fileid="2" />
                <SequencePoint vc="0" uspid="309" ordinal="0" offset="36" sl="512" sc="0" el="512" ec="0" bec="0" bev="0" fileid="2" />
                <SequencePoint vc="0" uspid="310" ordinal="0" offset="69" sl="513" sc="0" el="513" ec="0" bec="0" bev="0" fileid="2" />
                <SequencePoint vc="0" uspid="311" ordinal="0" offset="70" sl="514" sc="0" el="514" ec="0" bec="0" bev="0" fileid="2" />
                <SequencePoint vc="0" uspid="312" ordinal="0" offset="88" sl="515" sc="0" el="515" ec="0" bec="0" bev="0" fileid="2" />
                <SequencePoint vc="0" uspid="313" ordinal="0" offset="90" sl="517" sc="0" el="517" ec="0" bec="0" bev="0" fileid="2" />
                <SequencePoint vc="0" uspid="314" ordinal="0" offset="103" sl="518" sc="0" el="518" ec="0" bec="0" bev="0" fileid="2" />
                <SequencePoint vc="0" uspid="315" ordinal="0" offset="104" sl="519" sc="0" el="519" ec="0" bec="0" bev="0" fileid="2" />
                <SequencePoint vc="0" uspid="316" ordinal="0" offset="106" sl="520" sc="0" el="520" ec="0" bec="0" bev="0" fileid="2" />
                <SequencePoint vc="0" uspid="317" ordinal="0" offset="134" sl="521" sc="0" el="521" ec="0" bec="0" bev="0" fileid="2" />
                <SequencePoint vc="0" uspid="318" ordinal="0" offset="171" sl="522" sc="0" el="522" ec="0" bec="0" bev="0" fileid="2" />
                <SequencePoint vc="0" uspid="319" ordinal="0" offset="174" sl="523" sc="0" el="523" ec="0" bec="0" bev="0" fileid="2" />
                <SequencePoint vc="0" uspid="320" ordinal="0" offset="187" sl="524" sc="0" el="524" ec="0" bec="0" bev="0" fileid="2" />
                <SequencePoint vc="0" uspid="321" ordinal="0" offset="188" sl="525" sc="0" el="525" ec="0" bec="0" bev="0" fileid="2" />
                <SequencePoint vc="0" uspid="322" ordinal="0" offset="190" sl="526" sc="0" el="526" ec="0" bec="0" bev="0" fileid="2" />
                <SequencePoint vc="0" uspid="323" ordinal="0" offset="218" sl="527" sc="0" el="527" ec="0" bec="0" bev="0" fileid="2" />
                <SequencePoint vc="0" uspid="324" ordinal="0" offset="255" sl="528" sc="0" el="528" ec="0" bec="0" bev="0" fileid="2" />
                <SequencePoint vc="0" uspid="325" ordinal="0" offset="256" sl="529" sc="0" el="529" ec="0" bec="0" bev="0" fileid="2" />
                <SequencePoint vc="0" uspid="326" ordinal="0" offset="279" sl="530" sc="0" el="530" ec="0" bec="0" bev="0" fileid="2" />
                <SequencePoint vc="0" uspid="327" ordinal="0" offset="280" sl="531" sc="0" el="531" ec="0" bec="0" bev="0" fileid="2" />
              </SequencePoints>
              <BranchPoints />
            </Method>
            <Method visited="false" cyclomaticComplexity="0" nPathComplexity="0" sequenceCoverage="0.0" branchCoverage="0" crapScore="0" isConstructor="false" isStatic="false" isGetter="false" isSetter="false">
              <Summary numSequencePoints="9" visitedSequencePoints="0" numBranchPoints="0" visitedBranchPoints="0" sequenceCoverage="0.0" branchCoverage="0" maxCyclomaticComplexity="0" minCyclomaticComplexity="0" maxCrapScore="0" minCrapScore="0" visitedClasses="0" numClasses="0" visitedMethods="0" numMethods="1" />
              <MetadataToken>100663312</MetadataToken>
              <Name>System.Void EVA.Control::unselectObject()</Name>
              <FileRef uid="2" />
              <SequencePoints>
                <SequencePoint vc="0" uspid="328" ordinal="0" offset="0" sl="537" sc="0" el="537" ec="0" bec="0" bev="0" fileid="2" />
                <SequencePoint vc="0" uspid="329" ordinal="0" offset="1" sl="538" sc="0" el="538" ec="0" bec="0" bev="0" fileid="2" />
                <SequencePoint vc="0" uspid="330" ordinal="0" offset="24" sl="539" sc="0" el="539" ec="0" bec="0" bev="0" fileid="2" />
                <SequencePoint vc="0" uspid="331" ordinal="0" offset="31" sl="540" sc="0" el="540" ec="0" bec="0" bev="0" fileid="2" />
                <SequencePoint vc="0" uspid="332" ordinal="0" offset="47" sl="541" sc="0" el="541" ec="0" bec="0" bev="0" fileid="2" />
                <SequencePoint vc="0" uspid="333" ordinal="0" offset="48" sl="542" sc="0" el="542" ec="0" bec="0" bev="0" fileid="2" />
                <SequencePoint vc="0" uspid="334" ordinal="0" offset="66" sl="543" sc="0" el="543" ec="0" bec="0" bev="0" fileid="2" />
                <SequencePoint vc="0" uspid="335" ordinal="0" offset="84" sl="544" sc="0" el="544" ec="0" bec="0" bev="0" fileid="2" />
                <SequencePoint vc="0" uspid="336" ordinal="0" offset="85" sl="546" sc="0" el="546" ec="0" bec="0" bev="0" fileid="2" />
              </SequencePoints>
              <BranchPoints />
            </Method>
            <Method visited="false" cyclomaticComplexity="0" nPathComplexity="0" sequenceCoverage="0.0" branchCoverage="0" crapScore="0" isConstructor="false" isStatic="false" isGetter="false" isSetter="false">
              <Summary numSequencePoints="45" visitedSequencePoints="0" numBranchPoints="0" visitedBranchPoints="0" sequenceCoverage="0.0" branchCoverage="0" maxCyclomaticComplexity="0" minCyclomaticComplexity="0" maxCrapScore="0" minCrapScore="0" visitedClasses="0" numClasses="0" visitedMethods="0" numMethods="1" />
              <MetadataToken>100663313</MetadataToken>
              <Name>System.Void EVA.Control::FindHoverObject(UnityEngine.Vector3, UnityEngine.Quaternion)</Name>
              <FileRef uid="2" />
              <SequencePoints>
                <SequencePoint vc="0" uspid="337" ordinal="0" offset="0" sl="554" sc="0" el="554" ec="0" bec="0" bev="0" fileid="2" />
                <SequencePoint vc="0" uspid="338" ordinal="0" offset="1" sl="555" sc="0" el="555" ec="0" bec="0" bev="0" fileid="2" />
                <SequencePoint vc="0" uspid="339" ordinal="0" offset="19" sl="556" sc="0" el="556" ec="0" bec="0" bev="0" fileid="2" />
                <SequencePoint vc="0" uspid="340" ordinal="0" offset="25" sl="557" sc="0" el="557" ec="0" bec="0" bev="0" fileid="2" />
                <SequencePoint vc="0" uspid="341" ordinal="0" offset="27" sl="558" sc="0" el="558" ec="0" bec="0" bev="0" fileid="2" />
                <SequencePoint vc="0" uspid="342" ordinal="0" offset="66" sl="559" sc="0" el="559" ec="0" bec="0" bev="0" fileid="2" />
                <SequencePoint vc="0" uspid="343" ordinal="0" offset="73" sl="560" sc="0" el="560" ec="0" bec="0" bev="0" fileid="2" />
                <SequencePoint vc="0" uspid="344" ordinal="0" offset="84" sl="561" sc="0" el="561" ec="0" bec="0" bev="0" fileid="2" />
                <SequencePoint vc="0" uspid="345" ordinal="0" offset="85" sl="562" sc="0" el="562" ec="0" bec="0" bev="0" fileid="2" />
                <SequencePoint vc="0" uspid="346" ordinal="0" offset="92" sl="563" sc="0" el="563" ec="0" bec="0" bev="0" fileid="2" />
                <SequencePoint vc="0" uspid="347" ordinal="0" offset="95" sl="565" sc="0" el="565" ec="0" bec="0" bev="0" fileid="2" />
                <SequencePoint vc="0" uspid="348" ordinal="0" offset="96" sl="566" sc="0" el="566" ec="0" bec="0" bev="0" fileid="2" />
                <SequencePoint vc="0" uspid="349" ordinal="0" offset="97" sl="566" sc="0" el="566" ec="0" bec="0" bev="0" fileid="2" />
                <SequencePoint vc="0" uspid="350" ordinal="0" offset="105" sl="566" sc="0" el="566" ec="0" bec="0" bev="0" fileid="2" />
                <SequencePoint vc="0" uspid="351" ordinal="0" offset="116" sl="567" sc="0" el="567" ec="0" bec="0" bev="0" fileid="2" />
                <SequencePoint vc="0" uspid="352" ordinal="0" offset="117" sl="568" sc="0" el="568" ec="0" bec="0" bev="0" fileid="2" />
                <SequencePoint vc="0" uspid="353" ordinal="0" offset="132" sl="569" sc="0" el="569" ec="0" bec="0" bev="0" fileid="2" />
                <SequencePoint vc="0" uspid="354" ordinal="0" offset="151" sl="570" sc="0" el="570" ec="0" bec="0" bev="0" fileid="2" />
                <SequencePoint vc="0" uspid="355" ordinal="0" offset="152" sl="571" sc="0" el="571" ec="0" bec="0" bev="0" fileid="2" />
                <SequencePoint vc="0" uspid="356" ordinal="0" offset="175" sl="572" sc="0" el="572" ec="0" bec="0" bev="0" fileid="2" />
                <SequencePoint vc="0" uspid="357" ordinal="0" offset="178" sl="573" sc="0" el="573" ec="0" bec="0" bev="0" fileid="2" />
                <SequencePoint vc="0" uspid="358" ordinal="0" offset="187" sl="574" sc="0" el="574" ec="0" bec="0" bev="0" fileid="2" />
                <SequencePoint vc="0" uspid="359" ordinal="0" offset="188" sl="575" sc="0" el="575" ec="0" bec="0" bev="0" fileid="2" />
                <SequencePoint vc="0" uspid="360" ordinal="0" offset="195" sl="566" sc="0" el="566" ec="0" bec="0" bev="0" fileid="2" />
                <SequencePoint vc="0" uspid="361" ordinal="0" offset="203" sl="576" sc="0" el="576" ec="0" bec="0" bev="0" fileid="2" />
                <SequencePoint vc="0" uspid="362" ordinal="0" offset="204" sl="581" sc="0" el="581" ec="0" bec="0" bev="0" fileid="2" />
                <SequencePoint vc="0" uspid="363" ordinal="0" offset="217" sl="582" sc="0" el="582" ec="0" bec="0" bev="0" fileid="2" />
                <SequencePoint vc="0" uspid="364" ordinal="0" offset="218" sl="582" sc="0" el="582" ec="0" bec="0" bev="0" fileid="2" />
                <SequencePoint vc="0" uspid="365" ordinal="0" offset="227" sl="582" sc="0" el="582" ec="0" bec="0" bev="0" fileid="2" />
                <SequencePoint vc="0" uspid="366" ordinal="0" offset="234" sl="583" sc="0" el="583" ec="0" bec="0" bev="0" fileid="2" />
                <SequencePoint vc="0" uspid="367" ordinal="0" offset="235" sl="586" sc="0" el="586" ec="0" bec="0" bev="0" fileid="2" />
                <SequencePoint vc="0" uspid="368" ordinal="0" offset="249" sl="587" sc="0" el="587" ec="0" bec="0" bev="0" fileid="2" />
                <SequencePoint vc="0" uspid="369" ordinal="0" offset="263" sl="588" sc="0" el="588" ec="0" bec="0" bev="0" fileid="2" />
                <SequencePoint vc="0" uspid="370" ordinal="0" offset="264" sl="589" sc="0" el="589" ec="0" bec="0" bev="0" fileid="2" />
                <SequencePoint vc="0" uspid="371" ordinal="0" offset="272" sl="590" sc="0" el="590" ec="0" bec="0" bev="0" fileid="2" />
                <SequencePoint vc="0" uspid="372" ordinal="0" offset="274" sl="591" sc="0" el="591" ec="0" bec="0" bev="0" fileid="2" />
                <SequencePoint vc="0" uspid="373" ordinal="0" offset="284" sl="592" sc="0" el="592" ec="0" bec="0" bev="0" fileid="2" />
                <SequencePoint vc="0" uspid="374" ordinal="0" offset="334" sl="593" sc="0" el="593" ec="0" bec="0" bev="0" fileid="2" />
                <SequencePoint vc="0" uspid="375" ordinal="0" offset="335" sl="594" sc="0" el="594" ec="0" bec="0" bev="0" fileid="2" />
                <SequencePoint vc="0" uspid="376" ordinal="0" offset="342" sl="582" sc="0" el="582" ec="0" bec="0" bev="0" fileid="2" />
                <SequencePoint vc="0" uspid="377" ordinal="0" offset="350" sl="596" sc="0" el="596" ec="0" bec="0" bev="0" fileid="2" />
                <SequencePoint vc="0" uspid="378" ordinal="0" offset="367" sl="597" sc="0" el="597" ec="0" bec="0" bev="0" fileid="2" />
                <SequencePoint vc="0" uspid="379" ordinal="0" offset="368" sl="598" sc="0" el="598" ec="0" bec="0" bev="0" fileid="2" />
                <SequencePoint vc="0" uspid="380" ordinal="0" offset="381" sl="599" sc="0" el="599" ec="0" bec="0" bev="0" fileid="2" />
                <SequencePoint vc="0" uspid="381" ordinal="0" offset="382" sl="600" sc="0" el="600" ec="0" bec="0" bev="0" fileid="2" />
              </SequencePoints>
              <BranchPoints />
            </Method>
            <Method visited="false" cyclomaticComplexity="0" nPathComplexity="0" sequenceCoverage="0.0" branchCoverage="0" crapScore="0" isConstructor="false" isStatic="false" isGetter="false" isSetter="false">
              <Summary numSequencePoints="4" visitedSequencePoints="0" numBranchPoints="0" visitedBranchPoints="0" sequenceCoverage="0.0" branchCoverage="0" maxCyclomaticComplexity="0" minCyclomaticComplexity="0" maxCrapScore="0" minCrapScore="0" visitedClasses="0" numClasses="0" visitedMethods="0" numMethods="1" />
              <MetadataToken>100663314</MetadataToken>
              <Name>System.Void EVA.Control::GrabHoverObject(UnityEngine.Vector3, UnityEngine.Quaternion)</Name>
              <FileRef uid="2" />
              <SequencePoints>
                <SequencePoint vc="0" uspid="382" ordinal="0" offset="0" sl="608" sc="0" el="608" ec="0" bec="0" bev="0" fileid="2" />
                <SequencePoint vc="0" uspid="383" ordinal="0" offset="1" sl="609" sc="0" el="609" ec="0" bec="0" bev="0" fileid="2" />
                <SequencePoint vc="0" uspid="384" ordinal="0" offset="40" sl="610" sc="0" el="610" ec="0" bec="0" bev="0" fileid="2" />
                <SequencePoint vc="0" uspid="385" ordinal="0" offset="73" sl="611" sc="0" el="611" ec="0" bec="0" bev="0" fileid="2" />
              </SequencePoints>
              <BranchPoints />
            </Method>
            <Method visited="false" cyclomaticComplexity="0" nPathComplexity="0" sequenceCoverage="0.0" branchCoverage="0" crapScore="0" isConstructor="false" isStatic="false" isGetter="false" isSetter="false">
              <Summary numSequencePoints="24" visitedSequencePoints="0" numBranchPoints="0" visitedBranchPoints="0" sequenceCoverage="0.0" branchCoverage="0" maxCyclomaticComplexity="0" minCyclomaticComplexity="0" maxCrapScore="0" minCrapScore="0" visitedClasses="0" numClasses="0" visitedMethods="0" numMethods="1" />
              <MetadataToken>100663315</MetadataToken>
              <Name>System.Void EVA.Control::ManipulateObject(UnityEngine.Vector3, UnityEngine.Quaternion)</Name>
              <FileRef uid="2" />
              <SequencePoints>
                <SequencePoint vc="0" uspid="386" ordinal="0" offset="0" sl="620" sc="0" el="620" ec="0" bec="0" bev="0" fileid="2" />
                <SequencePoint vc="0" uspid="387" ordinal="0" offset="1" sl="621" sc="0" el="621" ec="0" bec="0" bev="0" fileid="2" />
                <SequencePoint vc="0" uspid="388" ordinal="0" offset="14" sl="622" sc="0" el="622" ec="0" bec="0" bev="0" fileid="2" />
                <SequencePoint vc="0" uspid="389" ordinal="0" offset="26" sl="623" sc="0" el="623" ec="0" bec="0" bev="0" fileid="2" />
                <SequencePoint vc="0" uspid="390" ordinal="0" offset="38" sl="625" sc="0" el="625" ec="0" bec="0" bev="0" fileid="2" />
                <SequencePoint vc="0" uspid="391" ordinal="0" offset="71" sl="626" sc="0" el="626" ec="0" bec="0" bev="0" fileid="2" />
                <SequencePoint vc="0" uspid="392" ordinal="0" offset="72" sl="627" sc="0" el="627" ec="0" bec="0" bev="0" fileid="2" />
                <SequencePoint vc="0" uspid="393" ordinal="0" offset="91" sl="628" sc="0" el="628" ec="0" bec="0" bev="0" fileid="2" />
                <SequencePoint vc="0" uspid="394" ordinal="0" offset="92" sl="628" sc="0" el="628" ec="0" bec="0" bev="0" fileid="2" />
                <SequencePoint vc="0" uspid="395" ordinal="0" offset="104" sl="628" sc="0" el="628" ec="0" bec="0" bev="0" fileid="2" />
                <SequencePoint vc="0" uspid="396" ordinal="0" offset="115" sl="629" sc="0" el="629" ec="0" bec="0" bev="0" fileid="2" />
                <SequencePoint vc="0" uspid="397" ordinal="0" offset="116" sl="630" sc="0" el="630" ec="0" bec="0" bev="0" fileid="2" />
                <SequencePoint vc="0" uspid="398" ordinal="0" offset="165" sl="631" sc="0" el="631" ec="0" bec="0" bev="0" fileid="2" />
                <SequencePoint vc="0" uspid="399" ordinal="0" offset="166" sl="632" sc="0" el="632" ec="0" bec="0" bev="0" fileid="2" />
                <SequencePoint vc="0" uspid="400" ordinal="0" offset="207" sl="633" sc="0" el="633" ec="0" bec="0" bev="0" fileid="2" />
                <SequencePoint vc="0" uspid="401" ordinal="0" offset="226" sl="634" sc="0" el="634" ec="0" bec="0" bev="0" fileid="2" />
                <SequencePoint vc="0" uspid="402" ordinal="0" offset="227" sl="635" sc="0" el="635" ec="0" bec="0" bev="0" fileid="2" />
                <SequencePoint vc="0" uspid="403" ordinal="0" offset="234" sl="628" sc="0" el="628" ec="0" bec="0" bev="0" fileid="2" />
                <SequencePoint vc="0" uspid="404" ordinal="0" offset="245" sl="636" sc="0" el="636" ec="0" bec="0" bev="0" fileid="2" />
                <SequencePoint vc="0" uspid="405" ordinal="0" offset="248" sl="638" sc="0" el="638" ec="0" bec="0" bev="0" fileid="2" />
                <SequencePoint vc="0" uspid="406" ordinal="0" offset="249" sl="639" sc="0" el="639" ec="0" bec="0" bev="0" fileid="2" />
                <SequencePoint vc="0" uspid="407" ordinal="0" offset="268" sl="640" sc="0" el="640" ec="0" bec="0" bev="0" fileid="2" />
                <SequencePoint vc="0" uspid="408" ordinal="0" offset="298" sl="641" sc="0" el="641" ec="0" bec="0" bev="0" fileid="2" />
                <SequencePoint vc="0" uspid="409" ordinal="0" offset="299" sl="642" sc="0" el="642" ec="0" bec="0" bev="0" fileid="2" />
              </SequencePoints>
              <BranchPoints />
            </Method>
            <Method visited="false" cyclomaticComplexity="0" nPathComplexity="0" sequenceCoverage="0.0" branchCoverage="0" crapScore="0" isConstructor="false" isStatic="false" isGetter="false" isSetter="false">
              <Summary numSequencePoints="13" visitedSequencePoints="0" numBranchPoints="0" visitedBranchPoints="0" sequenceCoverage="0.0" branchCoverage="0" maxCyclomaticComplexity="0" minCyclomaticComplexity="0" maxCrapScore="0" minCrapScore="0" visitedClasses="0" numClasses="0" visitedMethods="0" numMethods="1" />
              <MetadataToken>100663316</MetadataToken>
              <Name>System.Void EVA.Control::ManipulateSelectedObject(UnityEngine.Vector3, UnityEngine.Quaternion)</Name>
              <FileRef uid="2" />
              <SequencePoints>
                <SequencePoint vc="0" uspid="410" ordinal="0" offset="0" sl="651" sc="0" el="651" ec="0" bec="0" bev="0" fileid="2" />
                <SequencePoint vc="0" uspid="411" ordinal="0" offset="1" sl="652" sc="0" el="652" ec="0" bec="0" bev="0" fileid="2" />
                <SequencePoint vc="0" uspid="412" ordinal="0" offset="14" sl="653" sc="0" el="653" ec="0" bec="0" bev="0" fileid="2" />
                <SequencePoint vc="0" uspid="413" ordinal="0" offset="15" sl="654" sc="0" el="654" ec="0" bec="0" bev="0" fileid="2" />
                <SequencePoint vc="0" uspid="414" ordinal="0" offset="27" sl="655" sc="0" el="655" ec="0" bec="0" bev="0" fileid="2" />
                <SequencePoint vc="0" uspid="415" ordinal="0" offset="56" sl="658" sc="0" el="658" ec="0" bec="0" bev="0" fileid="2" />
                <SequencePoint vc="0" uspid="416" ordinal="0" offset="64" sl="659" sc="0" el="659" ec="0" bec="0" bev="0" fileid="2" />
                <SequencePoint vc="0" uspid="417" ordinal="0" offset="66" sl="661" sc="0" el="661" ec="0" bec="0" bev="0" fileid="2" />
                <SequencePoint vc="0" uspid="418" ordinal="0" offset="96" sl="662" sc="0" el="662" ec="0" bec="0" bev="0" fileid="2" />
                <SequencePoint vc="0" uspid="419" ordinal="0" offset="98" sl="664" sc="0" el="664" ec="0" bec="0" bev="0" fileid="2" />
                <SequencePoint vc="0" uspid="420" ordinal="0" offset="128" sl="665" sc="0" el="665" ec="0" bec="0" bev="0" fileid="2" />
                <SequencePoint vc="0" uspid="421" ordinal="0" offset="130" sl="667" sc="0" el="667" ec="0" bec="0" bev="0" fileid="2" />
                <SequencePoint vc="0" uspid="422" ordinal="0" offset="131" sl="668" sc="0" el="668" ec="0" bec="0" bev="0" fileid="2" />
              </SequencePoints>
              <BranchPoints />
            </Method>
            <Method visited="false" cyclomaticComplexity="0" nPathComplexity="0" sequenceCoverage="0.0" branchCoverage="0" crapScore="0" isConstructor="false" isStatic="false" isGetter="false" isSetter="false">
              <Summary numSequencePoints="33" visitedSequencePoints="0" numBranchPoints="0" visitedBranchPoints="0" sequenceCoverage="0.0" branchCoverage="0" maxCyclomaticComplexity="0" minCyclomaticComplexity="0" maxCrapScore="0" minCrapScore="0" visitedClasses="0" numClasses="0" visitedMethods="0" numMethods="1" />
              <MetadataToken>100663317</MetadataToken>
              <Name>System.Void EVA.Control::TranslateSelectedObject(UnityEngine.Vector2)</Name>
              <FileRef uid="2" />
              <SequencePoints>
                <SequencePoint vc="0" uspid="423" ordinal="0" offset="0" sl="671" sc="0" el="671" ec="0" bec="0" bev="0" fileid="2" />
                <SequencePoint vc="0" uspid="424" ordinal="0" offset="1" sl="674" sc="0" el="674" ec="0" bec="0" bev="0" fileid="2" />
                <SequencePoint vc="0" uspid="425" ordinal="0" offset="32" sl="675" sc="0" el="675" ec="0" bec="0" bev="0" fileid="2" />
                <SequencePoint vc="0" uspid="426" ordinal="0" offset="33" sl="676" sc="0" el="676" ec="0" bec="0" bev="0" fileid="2" />
                <SequencePoint vc="0" uspid="427" ordinal="0" offset="66" sl="677" sc="0" el="677" ec="0" bec="0" bev="0" fileid="2" />
                <SequencePoint vc="0" uspid="428" ordinal="0" offset="85" sl="678" sc="0" el="678" ec="0" bec="0" bev="0" fileid="2" />
                <SequencePoint vc="0" uspid="429" ordinal="0" offset="101" sl="679" sc="0" el="679" ec="0" bec="0" bev="0" fileid="2" />
                <SequencePoint vc="0" uspid="430" ordinal="0" offset="127" sl="680" sc="0" el="680" ec="0" bec="0" bev="0" fileid="2" />
                <SequencePoint vc="0" uspid="431" ordinal="0" offset="150" sl="681" sc="0" el="681" ec="0" bec="0" bev="0" fileid="2" />
                <SequencePoint vc="0" uspid="432" ordinal="0" offset="163" sl="682" sc="0" el="682" ec="0" bec="0" bev="0" fileid="2" />
                <SequencePoint vc="0" uspid="433" ordinal="0" offset="176" sl="683" sc="0" el="683" ec="0" bec="0" bev="0" fileid="2" />
                <SequencePoint vc="0" uspid="434" ordinal="0" offset="182" sl="685" sc="0" el="685" ec="0" bec="0" bev="0" fileid="2" />
                <SequencePoint vc="0" uspid="435" ordinal="0" offset="183" sl="686" sc="0" el="686" ec="0" bec="0" bev="0" fileid="2" />
[...]
              <Summary numSequencePoints="7" visitedSequencePoints="7" numBranchPoints="0" visitedBranchPoints="0" sequenceCoverage="100.0" branchCoverage="0" maxCyclomaticComplexity="0" minCyclomaticComplexity="0" maxCrapScore="0" minCrapScore="0" visitedClasses="0" numClasses="0" visitedMethods="1" numMethods="1" />
              <MetadataToken>100663606</MetadataToken>
              <Name>System.Void EVA.Video/SerializedVideo::Load(UnityEngine.GameObject)</Name>
              <FileRef uid="12" />
              <SequencePoints>
                <SequencePoint vc="1" uspid="2151" ordinal="0" offset="0" sl="277" sc="4" el="277" ec="4" bec="0" bev="0" fileid="12" />
                <SequencePoint vc="1" uspid="2152" ordinal="0" offset="1" sl="278" sc="5" el="278" ec="5" bec="0" bev="0" fileid="12" />
                <SequencePoint vc="1" uspid="2153" ordinal="0" offset="9" sl="279" sc="5" el="279" ec="5" bec="0" bev="0" fileid="12" />
                <SequencePoint vc="1" uspid="2154" ordinal="0" offset="16" sl="280" sc="5" el="280" ec="5" bec="0" bev="0" fileid="12" />
                <SequencePoint vc="1" uspid="2155" ordinal="0" offset="29" sl="281" sc="5" el="281" ec="5" bec="0" bev="0" fileid="12" />
                <SequencePoint vc="1" uspid="2156" ordinal="0" offset="42" sl="282" sc="5" el="282" ec="5" bec="0" bev="0" fileid="12" />
                <SequencePoint vc="1" uspid="2157" ordinal="0" offset="55" sl="283" sc="4" el="283" ec="4" bec="0" bev="0" fileid="12" />
              </SequencePoints>
              <BranchPoints />
            </Method>
            <Method visited="true" cyclomaticComplexity="0" nPathComplexity="0" sequenceCoverage="100.0" branchCoverage="0" crapScore="0" isConstructor="true" isStatic="false" isGetter="false" isSetter="false">
              <Summary numSequencePoints="3" visitedSequencePoints="3" numBranchPoints="0" visitedBranchPoints="0" sequenceCoverage="100.0" branchCoverage="0" maxCyclomaticComplexity="0" minCyclomaticComplexity="0" maxCrapScore="0" minCrapScore="0" visitedClasses="0" numClasses="0" visitedMethods="1" numMethods="1" />
              <MetadataToken>100663604</MetadataToken>
              <Name>EVA.Video/SerializedVideo::SerializedVideo()</Name>
              <FileRef uid="12" />
              <SequencePoints>
                <SequencePoint vc="1" uspid="2158" ordinal="0" offset="0" sl="255" sc="4" el="255" ec="4" bec="0" bev="0" fileid="12" />
                <SequencePoint vc="1" uspid="2159" ordinal="0" offset="7" sl="255" sc="29" el="255" ec="29" bec="0" bev="0" fileid="12" />
                <SequencePoint vc="1" uspid="2160" ordinal="0" offset="8" sl="255" sc="31" el="255" ec="31" bec="0" bev="0" fileid="12" />
              </SequencePoints>
              <BranchPoints />
            </Method>
            <Method visited="true" cyclomaticComplexity="0" nPathComplexity="0" sequenceCoverage="100.0" branchCoverage="0" crapScore="0" isConstructor="true" isStatic="false" isGetter="false" isSetter="false">
              <Summary numSequencePoints="9" visitedSequencePoints="9" numBranchPoints="0" visitedBranchPoints="0" sequenceCoverage="100.0" branchCoverage="0" maxCyclomaticComplexity="0" minCyclomaticComplexity="0" maxCrapScore="0" minCrapScore="0" visitedClasses="0" numClasses="0" visitedMethods="1" numMethods="1" />
              <MetadataToken>100663605</MetadataToken>
              <Name>EVA.Video/SerializedVideo::SerializedVideo(EVA.Video)</Name>
              <FileRef uid="12" />
              <SequencePoints>
                <SequencePoint vc="1" uspid="2161" ordinal="0" offset="0" sl="261" sc="42" el="261" ec="42" bec="0" bev="0" fileid="12" />
                <SequencePoint vc="1" uspid="2162" ordinal="0" offset="8" sl="262" sc="4" el="262" ec="4" bec="0" bev="0" fileid="12" />
                <SequencePoint vc="1" uspid="2163" ordinal="0" offset="9" sl="263" sc="5" el="263" ec="5" bec="0" bev="0" fileid="12" />
                <SequencePoint vc="1" uspid="2164" ordinal="0" offset="16" sl="264" sc="5" el="264" ec="5" bec="0" bev="0" fileid="12" />
                <SequencePoint vc="1" uspid="2165" ordinal="0" offset="28" sl="265" sc="5" el="265" ec="5" bec="0" bev="0" fileid="12" />
                <SequencePoint vc="1" uspid="2166" ordinal="0" offset="55" sl="266" sc="5" el="266" ec="5" bec="0" bev="0" fileid="12" />
                <SequencePoint vc="1" uspid="2167" ordinal="0" offset="67" sl="267" sc="5" el="267" ec="5" bec="0" bev="0" fileid="12" />
                <SequencePoint vc="1" uspid="2168" ordinal="0" offset="79" sl="268" sc="5" el="268" ec="5" bec="0" bev="0" fileid="12" />
                <SequencePoint vc="1" uspid="2169" ordinal="0" offset="91" sl="269" sc="4" el="269" ec="4" bec="0" bev="0" fileid="12" />
              </SequencePoints>
              <BranchPoints />
            </Method>
          </Methods>
        </Class>
        <Class>
          <Summary numSequencePoints="10" visitedSequencePoints="10" numBranchPoints="0" visitedBranchPoints="0" sequenceCoverage="100.0" branchCoverage="0.0" maxCyclomaticComplexity="0" minCyclomaticComplexity="0" maxCrapScore="0" minCrapScore="0" visitedClasses="1" numClasses="1" visitedMethods="1" numMethods="1" />
          <FullName>EVA.Video/&lt;SetRatio&gt;d__13</FullName>
          <Methods>
            <Method visited="true" cyclomaticComplexity="0" nPathComplexity="0" sequenceCoverage="100.0" branchCoverage="0" crapScore="0" isConstructor="false" isStatic="false" isGetter="false" isSetter="false">
              <Summary numSequencePoints="10" visitedSequencePoints="10" numBranchPoints="0" visitedBranchPoints="0" sequenceCoverage="100.0" branchCoverage="0" maxCyclomaticComplexity="0" minCyclomaticComplexity="0" maxCrapScore="0" minCrapScore="0" visitedClasses="0" numClasses="0" visitedMethods="1" numMethods="1" />
              <MetadataToken>100663609</MetadataToken>
              <Name>System.Boolean EVA.Video/&lt;SetRatio&gt;d__13::MoveNext()</Name>
              <FileRef uid="12" />
              <SequencePoints>
                <SequencePoint vc="10" uspid="2170" ordinal="0" offset="31" sl="128" sc="3" el="128" ec="3" bec="0" bev="0" fileid="12" />
                <SequencePoint vc="10" uspid="2171" ordinal="0" offset="32" sl="129" sc="4" el="129" ec="4" bec="0" bev="0" fileid="12" />
                <SequencePoint vc="7" uspid="2172" ordinal="0" offset="76" sl="130" sc="4" el="130" ec="4" bec="0" bev="0" fileid="12" />
                <SequencePoint vc="7" uspid="2173" ordinal="0" offset="95" sl="131" sc="4" el="131" ec="4" bec="0" bev="0" fileid="12" />
                <SequencePoint vc="7" uspid="2174" ordinal="0" offset="114" sl="132" sc="4" el="132" ec="4" bec="0" bev="0" fileid="12" />
                <SequencePoint vc="7" uspid="2175" ordinal="0" offset="133" sl="133" sc="4" el="133" ec="4" bec="0" bev="0" fileid="12" />
                <SequencePoint vc="7" uspid="2176" ordinal="0" offset="160" sl="134" sc="4" el="134" ec="4" bec="0" bev="0" fileid="12" />
                <SequencePoint vc="7" uspid="2177" ordinal="0" offset="187" sl="135" sc="4" el="135" ec="4" bec="0" bev="0" fileid="12" />
                <SequencePoint vc="7" uspid="2178" ordinal="0" offset="299" sl="136" sc="4" el="136" ec="4" bec="0" bev="0" fileid="12" />
                <SequencePoint vc="7" uspid="2179" ordinal="0" offset="411" sl="137" sc="3" el="137" ec="3" bec="0" bev="0" fileid="12" />
              </SequencePoints>
              <BranchPoints />
            </Method>
          </Methods>
        </Class>
        <Class>
          <Summary numSequencePoints="17" visitedSequencePoints="17" numBranchPoints="0" visitedBranchPoints="0" sequenceCoverage="100.0" branchCoverage="0.0" maxCyclomaticComplexity="0" minCyclomaticComplexity="0" maxCrapScore="0" minCrapScore="0" visitedClasses="1" numClasses="1" visitedMethods="3" numMethods="3" />
          <FullName>EVA.Video360/SerializedVideo360</FullName>
          <Methods>
            <Method visited="true" cyclomaticComplexity="0" nPathComplexity="0" sequenceCoverage="100.0" branchCoverage="0" crapScore="0" isConstructor="false" isStatic="false" isGetter="false" isSetter="false">
              <Summary numSequencePoints="7" visitedSequencePoints="7" numBranchPoints="0" visitedBranchPoints="0" sequenceCoverage="100.0" branchCoverage="0" maxCyclomaticComplexity="0" minCyclomaticComplexity="0" maxCrapScore="0" minCrapScore="0" visitedClasses="0" numClasses="0" visitedMethods="1" numMethods="1" />
              <MetadataToken>100663615</MetadataToken>
              <Name>System.Void EVA.Video360/SerializedVideo360::Load(UnityEngine.GameObject)</Name>
              <FileRef uid="13" />
              <SequencePoints>
                <SequencePoint vc="1" uspid="2180" ordinal="0" offset="0" sl="199" sc="4" el="199" ec="4" bec="0" bev="0" fileid="13" />
                <SequencePoint vc="1" uspid="2181" ordinal="0" offset="1" sl="200" sc="5" el="200" ec="5" bec="0" bev="0" fileid="13" />
                <SequencePoint vc="1" uspid="2182" ordinal="0" offset="9" sl="201" sc="5" el="201" ec="5" bec="0" bev="0" fileid="13" />
                <SequencePoint vc="1" uspid="2183" ordinal="0" offset="16" sl="202" sc="5" el="202" ec="5" bec="0" bev="0" fileid="13" />
                <SequencePoint vc="1" uspid="2184" ordinal="0" offset="29" sl="203" sc="5" el="203" ec="5" bec="0" bev="0" fileid="13" />
                <SequencePoint vc="1" uspid="2185" ordinal="0" offset="42" sl="204" sc="5" el="204" ec="5" bec="0" bev="0" fileid="13" />
                <SequencePoint vc="1" uspid="2186" ordinal="0" offset="55" sl="206" sc="4" el="206" ec="4" bec="0" bev="0" fileid="13" />
              </SequencePoints>
              <BranchPoints />
            </Method>
            <Method visited="true" cyclomaticComplexity="0" nPathComplexity="0" sequenceCoverage="100.0" branchCoverage="0" crapScore="0" isConstructor="true" isStatic="false" isGetter="false" isSetter="false">
              <Summary numSequencePoints="3" visitedSequencePoints="3" numBranchPoints="0" visitedBranchPoints="0" sequenceCoverage="100.0" branchCoverage="0" maxCyclomaticComplexity="0" minCyclomaticComplexity="0" maxCrapScore="0" minCrapScore="0" visitedClasses="0" numClasses="0" visitedMethods="1" numMethods="1" />
              <MetadataToken>100663613</MetadataToken>
              <Name>EVA.Video360/SerializedVideo360::SerializedVideo360()</Name>
              <FileRef uid="13" />
              <SequencePoints>
                <SequencePoint vc="1" uspid="2187" ordinal="0" offset="0" sl="179" sc="4" el="179" ec="4" bec="0" bev="0" fileid="13" />
                <SequencePoint vc="1" uspid="2188" ordinal="0" offset="7" sl="179" sc="32" el="179" ec="32" bec="0" bev="0" fileid="13" />
                <SequencePoint vc="1" uspid="2189" ordinal="0" offset="8" sl="179" sc="34" el="179" ec="34" bec="0" bev="0" fileid="13" />
              </SequencePoints>
              <BranchPoints />
            </Method>
            <Method visited="true" cyclomaticComplexity="0" nPathComplexity="0" sequenceCoverage="100.0" branchCoverage="0" crapScore="0" isConstructor="true" isStatic="false" isGetter="false" isSetter="false">
              <Summary numSequencePoints="7" visitedSequencePoints="7" numBranchPoints="0" visitedBranchPoints="0" sequenceCoverage="100.0" branchCoverage="0" maxCyclomaticComplexity="0" minCyclomaticComplexity="0" maxCrapScore="0" minCrapScore="0" visitedClasses="0" numClasses="0" visitedMethods="1" numMethods="1" />
              <MetadataToken>100663614</MetadataToken>
              <Name>EVA.Video360/SerializedVideo360::SerializedVideo360(EVA.Video360)</Name>
              <FileRef uid="13" />
              <SequencePoints>
                <SequencePoint vc="1" uspid="2190" ordinal="0" offset="0" sl="185" sc="51" el="185" ec="51" bec="0" bev="0" fileid="13" />
                <SequencePoint vc="1" uspid="2191" ordinal="0" offset="8" sl="186" sc="4" el="186" ec="4" bec="0" bev="0" fileid="13" />
                <SequencePoint vc="1" uspid="2192" ordinal="0" offset="9" sl="187" sc="5" el="187" ec="5" bec="0" bev="0" fileid="13" />
                <SequencePoint vc="1" uspid="2193" ordinal="0" offset="16" sl="188" sc="5" el="188" ec="5" bec="0" bev="0" fileid="13" />
                <SequencePoint vc="1" uspid="2194" ordinal="0" offset="28" sl="189" sc="5" el="189" ec="5" bec="0" bev="0" fileid="13" />
                <SequencePoint vc="1" uspid="2195" ordinal="0" offset="40" sl="190" sc="5" el="190" ec="5" bec="0" bev="0" fileid="13" />
                <SequencePoint vc="1" uspid="2196" ordinal="0" offset="52" sl="191" sc="4" el="191" ec="4" bec="0" bev="0" fileid="13" />
              </SequencePoints>
              <BranchPoints />
            </Method>
          </Methods>
        </Class>
        <Class>
          <Summary numSequencePoints="10" visitedSequencePoints="10" numBranchPoints="0" visitedBranchPoints="0" sequenceCoverage="100.0" branchCoverage="0.0" maxCyclomaticComplexity="0" minCyclomaticComplexity="0" maxCrapScore="0" minCrapScore="0" visitedClasses="1" numClasses="1" visitedMethods="3" numMethods="3" />
          <FullName>EVA.Wall/SerializedWall</FullName>
          <Methods>
            <Method visited="true" cyclomaticComplexity="0" nPathComplexity="0" sequenceCoverage="100.0" branchCoverage="0" crapScore="0" isConstructor="false" isStatic="false" isGetter="false" isSetter="false">
              <Summary numSequencePoints="3" visitedSequencePoints="3" numBranchPoints="0" visitedBranchPoints="0" sequenceCoverage="100.0" branchCoverage="0" maxCyclomaticComplexity="0" minCyclomaticComplexity="0" maxCrapScore="0" minCrapScore="0" visitedClasses="0" numClasses="0" visitedMethods="1" numMethods="1" />
              <MetadataToken>100663618</MetadataToken>
              <Name>System.Void EVA.Wall/SerializedWall::Load(UnityEngine.GameObject)</Name>
              <FileRef uid="15" />
              <SequencePoints>
                <SequencePoint vc="1" uspid="2197" ordinal="0" offset="0" sl="111" sc="13" el="111" ec="13" bec="0" bev="0" fileid="15" />
                <SequencePoint vc="1" uspid="2198" ordinal="0" offset="1" sl="112" sc="17" el="112" ec="17" bec="0" bev="0" fileid="15" />
                <SequencePoint vc="1" uspid="2199" ordinal="0" offset="9" sl="113" sc="13" el="113" ec="13" bec="0" bev="0" fileid="15" />
              </SequencePoints>
              <BranchPoints />
            </Method>
            <Method visited="true" cyclomaticComplexity="0" nPathComplexity="0" sequenceCoverage="100.0" branchCoverage="0" crapScore="0" isConstructor="true" isStatic="false" isGetter="false" isSetter="false">
              <Summary numSequencePoints="3" visitedSequencePoints="3" numBranchPoints="0" visitedBranchPoints="0" sequenceCoverage="100.0" branchCoverage="0" maxCyclomaticComplexity="0" minCyclomaticComplexity="0" maxCrapScore="0" minCrapScore="0" visitedClasses="0" numClasses="0" visitedMethods="1" numMethods="1" />
              <MetadataToken>100663616</MetadataToken>
              <Name>EVA.Wall/SerializedWall::SerializedWall()</Name>
              <FileRef uid="15" />
              <SequencePoints>
                <SequencePoint vc="1" uspid="2200" ordinal="0" offset="0" sl="95" sc="13" el="95" ec="13" bec="0" bev="0" fileid="15" />
                <SequencePoint vc="1" uspid="2201" ordinal="0" offset="7" sl="95" sc="37" el="95" ec="37" bec="0" bev="0" fileid="15" />
                <SequencePoint vc="1" uspid="2202" ordinal="0" offset="8" sl="95" sc="39" el="95" ec="39" bec="0" bev="0" fileid="15" />
              </SequencePoints>
              <BranchPoints />
            </Method>
            <Method visited="true" cyclomaticComplexity="0" nPathComplexity="0" sequenceCoverage="100.0" branchCoverage="0" crapScore="0" isConstructor="true" isStatic="false" isGetter="false" isSetter="false">
              <Summary numSequencePoints="4" visitedSequencePoints="4" numBranchPoints="0" visitedBranchPoints="0" sequenceCoverage="100.0" branchCoverage="0" maxCyclomaticComplexity="0" minCyclomaticComplexity="0" maxCrapScore="0" minCrapScore="0" visitedClasses="0" numClasses="0" visitedMethods="1" numMethods="1" />
              <MetadataToken>100663617</MetadataToken>
              <Name>EVA.Wall/SerializedWall::SerializedWall(EVA.Wall)</Name>
              <FileRef uid="15" />
              <SequencePoints>
                <SequencePoint vc="1" uspid="2203" ordinal="0" offset="0" sl="100" sc="48" el="100" ec="48" bec="0" bev="0" fileid="15" />
                <SequencePoint vc="1" uspid="2204" ordinal="0" offset="8" sl="101" sc="13" el="101" ec="13" bec="0" bev="0" fileid="15" />
                <SequencePoint vc="1" uspid="2205" ordinal="0" offset="9" sl="102" sc="17" el="102" ec="17" bec="0" bev="0" fileid="15" />
                <SequencePoint vc="1" uspid="2206" ordinal="0" offset="16" sl="103" sc="13" el="103" ec="13" bec="0" bev="0" fileid="15" />
              </SequencePoints>
              <BranchPoints />
            </Method>
          </Methods>
        </Class>
        <Class>
          <Summary numSequencePoints="4" visitedSequencePoints="0" numBranchPoints="0" visitedBranchPoints="0" sequenceCoverage="0.0" branchCoverage="0.0" maxCyclomaticComplexity="0" minCyclomaticComplexity="0" maxCrapScore="0" minCrapScore="0" visitedClasses="0" numClasses="1" visitedMethods="0" numMethods="2" />
          <FullName>EVA.ListFiles/&lt;&gt;c__DisplayClass13_0</FullName>
          <Methods>
            <Method visited="false" cyclomaticComplexity="0" nPathComplexity="0" sequenceCoverage="0.0" branchCoverage="0" crapScore="0" isConstructor="false" isStatic="false" isGetter="false" isSetter="false">
              <Summary numSequencePoints="3" visitedSequencePoints="0" numBranchPoints="0" visitedBranchPoints="0" sequenceCoverage="0.0" branchCoverage="0" maxCyclomaticComplexity="0" minCyclomaticComplexity="0" maxCrapScore="0" minCrapScore="0" visitedClasses="0" numClasses="0" visitedMethods="0" numMethods="1" />
              <MetadataToken>100663620</MetadataToken>
              <Name>System.Void EVA.ListFiles/&lt;&gt;c__DisplayClass13_0::&lt;CreateList&gt;b__0()</Name>
              <FileRef uid="19" />
              <SequencePoints>
                <SequencePoint vc="0" uspid="2207" ordinal="0" offset="0" sl="222" sc="0" el="222" ec="0" bec="0" bev="0" fileid="19" />
                <SequencePoint vc="0" uspid="2208" ordinal="0" offset="1" sl="222" sc="0" el="222" ec="0" bec="0" bev="0" fileid="19" />
                <SequencePoint vc="0" uspid="2209" ordinal="0" offset="19" sl="222" sc="0" el="222" ec="0" bec="0" bev="0" fileid="19" />
              </SequencePoints>
              <BranchPoints />
            </Method>
            <Method visited="false" cyclomaticComplexity="0" nPathComplexity="0" sequenceCoverage="0.0" branchCoverage="0" crapScore="0" isConstructor="false" isStatic="false" isGetter="false" isSetter="false">
              <Summary numSequencePoints="1" visitedSequencePoints="0" numBranchPoints="0" visitedBranchPoints="0" sequenceCoverage="0.0" branchCoverage="0" maxCyclomaticComplexity="0" minCyclomaticComplexity="0" maxCrapScore="0" minCrapScore="0" visitedClasses="0" numClasses="0" visitedMethods="0" numMethods="1" />
              <MetadataToken>100663621</MetadataToken>
              <Name>System.Void EVA.ListFiles/&lt;&gt;c__DisplayClass13_0::&lt;CreateList&gt;b__1()</Name>
              <FileRef uid="19" />
              <SequencePoints>
                <SequencePoint vc="0" uspid="2210" ordinal="0" offset="0" sl="228" sc="0" el="228" ec="0" bec="0" bev="0" fileid="19" />
              </SequencePoints>
              <BranchPoints />
            </Method>
          </Methods>
        </Class>
      </Classes>
    </Module>
  </Modules>
</CoverageSession>